  [1m[36m (3.0ms)[0m  [1mCREATE TABLE "schema_migrations" ("version" varchar NOT NULL) [0m
  [1m[35m (3.3ms)[0m  select sqlite_version(*)
  [1m[36m (7.0ms)[0m  [1mCREATE UNIQUE INDEX "unique_schema_migrations" ON "schema_migrations" ("version")[0m
  [1m[35mActiveRecord::SchemaMigration Load (0.2ms)[0m  SELECT "schema_migrations".* FROM "schema_migrations"
Migrating to CreateUsers (20150602095721)
  [1m[36m (0.1ms)[0m  [1mbegin transaction[0m
  [1m[35m (2.9ms)[0m  CREATE TABLE "users" ("id" INTEGER PRIMARY KEY AUTOINCREMENT NOT NULL, "name" varchar, "email" varchar, "password_digest" varchar, "created_at" datetime NOT NULL, "updated_at" datetime NOT NULL) 
  [1m[36mSQL (0.3ms)[0m  [1mINSERT INTO "schema_migrations" ("version") VALUES (?)[0m  [["version", "20150602095721"]]
  [1m[35m (2.7ms)[0m  commit transaction
Migrating to RenameNameColumnUsers (20150602130219)
  [1m[36m (0.1ms)[0m  [1mbegin transaction[0m
  [1m[35m (0.7ms)[0m  CREATE TEMPORARY TABLE "ausers" ("id" INTEGER PRIMARY KEY AUTOINCREMENT NOT NULL, "username" varchar, "email" varchar, "password_digest" varchar, "created_at" datetime NOT NULL, "updated_at" datetime NOT NULL) 
  [1m[36m (0.1ms)[0m  [1mSELECT * FROM "users"[0m
  [1m[35m (2.6ms)[0m  DROP TABLE "users"
  [1m[36m (0.3ms)[0m  [1mCREATE TABLE "users" ("id" INTEGER PRIMARY KEY AUTOINCREMENT NOT NULL, "username" varchar, "email" varchar, "password_digest" varchar, "created_at" datetime NOT NULL, "updated_at" datetime NOT NULL) [0m
  [1m[35m (0.1ms)[0m  SELECT * FROM "ausers"
  [1m[36m (0.6ms)[0m  [1mDROP TABLE "ausers"[0m
  [1m[35mSQL (0.2ms)[0m  INSERT INTO "schema_migrations" ("version") VALUES (?)  [["version", "20150602130219"]]
  [1m[36m (2.9ms)[0m  [1mcommit transaction[0m
  [1m[35mActiveRecord::SchemaMigration Load (0.1ms)[0m  SELECT "schema_migrations".* FROM "schema_migrations"
  [1m[36mActiveRecord::SchemaMigration Load (0.1ms)[0m  [1mSELECT "schema_migrations".* FROM "schema_migrations"[0m
  [1m[35m (0.1ms)[0m  begin transaction
  [1m[36mUser Exists (0.2ms)[0m  [1mSELECT  1 AS one FROM "users" WHERE "users"."email" = 'hola@ignaciovaldes.me' LIMIT 1[0m
  [1m[35mSQL (0.4ms)[0m  INSERT INTO "users" ("username", "email", "created_at", "updated_at") VALUES (?, ?, ?, ?)  [["username", "Ignacio"], ["email", "hola@ignaciovaldes.me"], ["created_at", "2015-12-01 08:49:43.611904"], ["updated_at", "2015-12-01 08:49:43.611904"]]
  [1m[36m (2.6ms)[0m  [1mcommit transaction[0m
  [1m[35m (0.1ms)[0m  begin transaction
  [1m[36mUser Exists (0.2ms)[0m  [1mSELECT  1 AS one FROM "users" WHERE "users"."email" = 'alechen04@gmail.com' LIMIT 1[0m
  [1m[35mSQL (0.2ms)[0m  INSERT INTO "users" ("username", "email", "created_at", "updated_at") VALUES (?, ?, ?, ?)  [["username", "Alexandra"], ["email", "alechen04@gmail.com"], ["created_at", "2015-12-01 08:49:43.617675"], ["updated_at", "2015-12-01 08:49:43.617675"]]
  [1m[36m (2.4ms)[0m  [1mcommit transaction[0m
  [1m[35m (0.1ms)[0m  begin transaction
  [1m[36mUser Exists (0.1ms)[0m  [1mSELECT  1 AS one FROM "users" WHERE "users"."email" = 'aram@berkeley.edu' LIMIT 1[0m
  [1m[35mSQL (0.2ms)[0m  INSERT INTO "users" ("username", "email", "created_at", "updated_at") VALUES (?, ?, ?, ?)  [["username", "Aram"], ["email", "aram@berkeley.edu"], ["created_at", "2015-12-01 08:49:43.622955"], ["updated_at", "2015-12-01 08:49:43.622955"]]
  [1m[36m (2.4ms)[0m  [1mcommit transaction[0m
  [1m[35m (0.1ms)[0m  begin transaction
  [1m[36mUser Exists (0.1ms)[0m  [1mSELECT  1 AS one FROM "users" WHERE "users"."email" = 'unamaria@gmail.com' LIMIT 1[0m
  [1m[35mSQL (0.2ms)[0m  INSERT INTO "users" ("username", "email", "created_at", "updated_at") VALUES (?, ?, ?, ?)  [["username", "Maria"], ["email", "unamaria@gmail.com"], ["created_at", "2015-12-01 08:49:43.627815"], ["updated_at", "2015-12-01 08:49:43.627815"]]
  [1m[36m (2.7ms)[0m  [1mcommit transaction[0m


Started GET "/" for ::1 at 2015-12-01 09:50:20 +0100
  [1m[36mActiveRecord::SchemaMigration Load (0.1ms)[0m  [1mSELECT "schema_migrations".* FROM "schema_migrations"[0m

AbstractController::Helpers::MissingHelperError (Missing helper file helpers//users/larahoyatrujillo/documents/ironhack/week6/auth_execise/app/helpers/application_helper.rb_helper.rb):
  app/controllers/application_controller.rb:1:in `<top (required)>'
  app/controllers/users_controller.rb:1:in `<top (required)>'


  Rendered /Users/larahoyatrujillo/.rvm/gems/ruby-2.2.1/gems/actionpack-4.2.1/lib/action_dispatch/middleware/templates/rescues/_source.erb (5.4ms)
  Rendered /Users/larahoyatrujillo/.rvm/gems/ruby-2.2.1/gems/actionpack-4.2.1/lib/action_dispatch/middleware/templates/rescues/_trace.html.erb (3.8ms)
  Rendered /Users/larahoyatrujillo/.rvm/gems/ruby-2.2.1/gems/actionpack-4.2.1/lib/action_dispatch/middleware/templates/rescues/_request_and_response.html.erb (15.3ms)
  Rendered /Users/larahoyatrujillo/.rvm/gems/ruby-2.2.1/gems/actionpack-4.2.1/lib/action_dispatch/middleware/templates/rescues/diagnostics.html.erb within rescues/layout (102.8ms)
  Rendered /Users/larahoyatrujillo/.rvm/gems/ruby-2.2.1/gems/web-console-2.1.2/lib/web_console/templates/_markup.html.erb (0.5ms)
  Rendered /Users/larahoyatrujillo/.rvm/gems/ruby-2.2.1/gems/web-console-2.1.2/lib/web_console/templates/style.css.erb within layouts/inlined_string (0.6ms)
  Rendered /Users/larahoyatrujillo/.rvm/gems/ruby-2.2.1/gems/web-console-2.1.2/lib/web_console/templates/_inner_console_markup.html.erb within layouts/inlined_string (0.6ms)
  Rendered /Users/larahoyatrujillo/.rvm/gems/ruby-2.2.1/gems/web-console-2.1.2/lib/web_console/templates/_prompt_box_markup.html.erb within layouts/inlined_string (0.3ms)
  Rendered /Users/larahoyatrujillo/.rvm/gems/ruby-2.2.1/gems/web-console-2.1.2/lib/web_console/templates/console.js.erb within layouts/javascript (69.1ms)
  Rendered /Users/larahoyatrujillo/.rvm/gems/ruby-2.2.1/gems/web-console-2.1.2/lib/web_console/templates/main.js.erb within layouts/javascript (0.4ms)
  Rendered /Users/larahoyatrujillo/.rvm/gems/ruby-2.2.1/gems/web-console-2.1.2/lib/web_console/templates/error_page.js.erb within layouts/javascript (0.5ms)
  Rendered /Users/larahoyatrujillo/.rvm/gems/ruby-2.2.1/gems/web-console-2.1.2/lib/web_console/templates/index.html.erb (142.1ms)


Started GET "/" for ::1 at 2015-12-01 09:50:47 +0100
  [1m[36mActiveRecord::SchemaMigration Load (0.1ms)[0m  [1mSELECT "schema_migrations".* FROM "schema_migrations"[0m

AbstractController::Helpers::MissingHelperError (Missing helper file helpers//users/larahoyatrujillo/documents/ironhack/week6/auth_execise/app/helpers/application_helper.rb_helper.rb):
  app/controllers/application_controller.rb:1:in `<top (required)>'
  app/controllers/users_controller.rb:1:in `<top (required)>'


  Rendered /Users/larahoyatrujillo/.rvm/gems/ruby-2.2.1/gems/actionpack-4.2.1/lib/action_dispatch/middleware/templates/rescues/_source.erb (4.2ms)
  Rendered /Users/larahoyatrujillo/.rvm/gems/ruby-2.2.1/gems/actionpack-4.2.1/lib/action_dispatch/middleware/templates/rescues/_trace.html.erb (2.1ms)
  Rendered /Users/larahoyatrujillo/.rvm/gems/ruby-2.2.1/gems/actionpack-4.2.1/lib/action_dispatch/middleware/templates/rescues/_request_and_response.html.erb (11.4ms)
  Rendered /Users/larahoyatrujillo/.rvm/gems/ruby-2.2.1/gems/actionpack-4.2.1/lib/action_dispatch/middleware/templates/rescues/diagnostics.html.erb within rescues/layout (61.7ms)
  Rendered /Users/larahoyatrujillo/.rvm/gems/ruby-2.2.1/gems/web-console-2.1.2/lib/web_console/templates/_markup.html.erb (0.3ms)
  Rendered /Users/larahoyatrujillo/.rvm/gems/ruby-2.2.1/gems/web-console-2.1.2/lib/web_console/templates/style.css.erb within layouts/inlined_string (0.4ms)
  Rendered /Users/larahoyatrujillo/.rvm/gems/ruby-2.2.1/gems/web-console-2.1.2/lib/web_console/templates/_inner_console_markup.html.erb within layouts/inlined_string (0.3ms)
  Rendered /Users/larahoyatrujillo/.rvm/gems/ruby-2.2.1/gems/web-console-2.1.2/lib/web_console/templates/_prompt_box_markup.html.erb within layouts/inlined_string (0.3ms)
  Rendered /Users/larahoyatrujillo/.rvm/gems/ruby-2.2.1/gems/web-console-2.1.2/lib/web_console/templates/console.js.erb within layouts/javascript (43.6ms)
  Rendered /Users/larahoyatrujillo/.rvm/gems/ruby-2.2.1/gems/web-console-2.1.2/lib/web_console/templates/main.js.erb within layouts/javascript (0.3ms)
  Rendered /Users/larahoyatrujillo/.rvm/gems/ruby-2.2.1/gems/web-console-2.1.2/lib/web_console/templates/error_page.js.erb within layouts/javascript (0.4ms)
  Rendered /Users/larahoyatrujillo/.rvm/gems/ruby-2.2.1/gems/web-console-2.1.2/lib/web_console/templates/index.html.erb (98.4ms)


Started GET "/" for ::1 at 2015-12-01 10:17:40 +0100
  [1m[36mActiveRecord::SchemaMigration Load (0.3ms)[0m  [1mSELECT "schema_migrations".* FROM "schema_migrations"[0m
Processing by UsersController#home as HTML
  Rendered users/home.html.erb within layouts/application (4.6ms)
Completed 500 Internal Server Error in 296ms (ActiveRecord: 0.0ms)

ActionView::Template::Error (couldn't find file 'turbolinks' with type 'application/javascript'):
    3: <head>
    4:   <title>AuthExercise</title>
    5:   <%= stylesheet_link_tag    'application', media: 'all', 'data-turbolinks-track' => true %>
    6:   <%= javascript_include_tag 'application', 'data-turbolinks-track' => true %>
    7:   <%= csrf_meta_tags %>
    8: </head>
    9: <body>
  app/assets/javascripts/application.js:15
  app/views/layouts/application.html.erb:6:in `_app_views_layouts_application_html_erb__756315001530437763_70145080953460'


  Rendered /Users/larahoyatrujillo/.rvm/gems/ruby-2.2.1/gems/actionpack-4.2.1/lib/action_dispatch/middleware/templates/rescues/_source.erb (13.5ms)
  Rendered /Users/larahoyatrujillo/.rvm/gems/ruby-2.2.1/gems/actionpack-4.2.1/lib/action_dispatch/middleware/templates/rescues/_trace.html.erb (3.1ms)
  Rendered /Users/larahoyatrujillo/.rvm/gems/ruby-2.2.1/gems/actionpack-4.2.1/lib/action_dispatch/middleware/templates/rescues/_request_and_response.html.erb (12.2ms)
  Rendered /Users/larahoyatrujillo/.rvm/gems/ruby-2.2.1/gems/actionpack-4.2.1/lib/action_dispatch/middleware/templates/rescues/template_error.html.erb within rescues/layout (78.9ms)
  Rendered /Users/larahoyatrujillo/.rvm/gems/ruby-2.2.1/gems/web-console-2.1.2/lib/web_console/templates/_markup.html.erb (0.7ms)
  Rendered /Users/larahoyatrujillo/.rvm/gems/ruby-2.2.1/gems/web-console-2.1.2/lib/web_console/templates/style.css.erb within layouts/inlined_string (0.5ms)
  Rendered /Users/larahoyatrujillo/.rvm/gems/ruby-2.2.1/gems/web-console-2.1.2/lib/web_console/templates/_inner_console_markup.html.erb within layouts/inlined_string (0.4ms)
  Rendered /Users/larahoyatrujillo/.rvm/gems/ruby-2.2.1/gems/web-console-2.1.2/lib/web_console/templates/_prompt_box_markup.html.erb within layouts/inlined_string (0.5ms)
  Rendered /Users/larahoyatrujillo/.rvm/gems/ruby-2.2.1/gems/web-console-2.1.2/lib/web_console/templates/console.js.erb within layouts/javascript (54.7ms)
  Rendered /Users/larahoyatrujillo/.rvm/gems/ruby-2.2.1/gems/web-console-2.1.2/lib/web_console/templates/main.js.erb within layouts/javascript (0.4ms)
  Rendered /Users/larahoyatrujillo/.rvm/gems/ruby-2.2.1/gems/web-console-2.1.2/lib/web_console/templates/error_page.js.erb within layouts/javascript (0.5ms)
  Rendered /Users/larahoyatrujillo/.rvm/gems/ruby-2.2.1/gems/web-console-2.1.2/lib/web_console/templates/index.html.erb (144.3ms)


Started GET "/" for ::1 at 2015-12-01 10:19:10 +0100
Processing by UsersController#home as HTML
  Rendered users/home.html.erb within layouts/application (0.2ms)
Completed 200 OK in 240ms (Views: 239.6ms | ActiveRecord: 0.0ms)


Started GET "/assets/users.self-e3b0c44298fc1c149afbf4c8996fb92427ae41e4649b934ca495991b7852b855.css?body=1" for ::1 at 2015-12-01 10:19:11 +0100


Started GET "/assets/sessions.self-e3b0c44298fc1c149afbf4c8996fb92427ae41e4649b934ca495991b7852b855.css?body=1" for ::1 at 2015-12-01 10:19:11 +0100


Started GET "/assets/sessions.self-19a187bec6cdb96d6de80a61c16c857c613536adf9138476bd367db38d282635.js?body=1" for ::1 at 2015-12-01 10:19:11 +0100


Started GET "/assets/jquery_ujs.self-8e98a7a072a6cee1372d19fff9ff3e6aa1e39a37d89d6f06861637d061113ee7.js?body=1" for ::1 at 2015-12-01 10:19:11 +0100


Started GET "/assets/application.self-e80e8f2318043e8af94dddc2adad5a4f09739a8ebb323b3ab31cd71d45fd9113.css?body=1" for ::1 at 2015-12-01 10:19:11 +0100


Started GET "/assets/jquery.self-d03a5518f45df77341bdbe6201ba3bfa547ebba8ed64f0ea56bfa5f96ea7c074.js?body=1" for ::1 at 2015-12-01 10:19:11 +0100


Started GET "/assets/application.self-377610cd7c1509e934744c810e3b4cf672dfbcacac3274e7d039827e2ae0fcc7.js?body=1" for ::1 at 2015-12-01 10:19:11 +0100


Started GET "/" for ::1 at 2015-12-01 10:21:58 +0100
  [1m[36mActiveRecord::SchemaMigration Load (0.1ms)[0m  [1mSELECT "schema_migrations".* FROM "schema_migrations"[0m
Processing by UsersController#home as HTML
  Rendered users/home.html.erb within layouts/application (1.5ms)
Completed 200 OK in 224ms (Views: 223.0ms | ActiveRecord: 0.0ms)


Started GET "/assets/users.self-e3b0c44298fc1c149afbf4c8996fb92427ae41e4649b934ca495991b7852b855.css?body=1" for ::1 at 2015-12-01 10:21:58 +0100


Started GET "/assets/sessions.self-e3b0c44298fc1c149afbf4c8996fb92427ae41e4649b934ca495991b7852b855.css?body=1" for ::1 at 2015-12-01 10:21:58 +0100


Started GET "/assets/application.self-377610cd7c1509e934744c810e3b4cf672dfbcacac3274e7d039827e2ae0fcc7.js?body=1" for ::1 at 2015-12-01 10:21:58 +0100


Started GET "/assets/jquery_ujs.self-8e98a7a072a6cee1372d19fff9ff3e6aa1e39a37d89d6f06861637d061113ee7.js?body=1" for ::1 at 2015-12-01 10:21:58 +0100


Started GET "/assets/application.self-e80e8f2318043e8af94dddc2adad5a4f09739a8ebb323b3ab31cd71d45fd9113.css?body=1" for ::1 at 2015-12-01 10:21:58 +0100


Started GET "/assets/sessions.self-19a187bec6cdb96d6de80a61c16c857c613536adf9138476bd367db38d282635.js?body=1" for ::1 at 2015-12-01 10:21:58 +0100


Started GET "/assets/jquery.self-d03a5518f45df77341bdbe6201ba3bfa547ebba8ed64f0ea56bfa5f96ea7c074.js?body=1" for ::1 at 2015-12-01 10:21:58 +0100


Started GET "/" for ::1 at 2015-12-01 10:26:15 +0100
Processing by UsersController#home as HTML
  Rendered users/home.html.erb within layouts/application (0.1ms)
Completed 200 OK in 30ms (Views: 30.2ms | ActiveRecord: 0.0ms)


Started GET "/assets/sessions.self-e3b0c44298fc1c149afbf4c8996fb92427ae41e4649b934ca495991b7852b855.css?body=1" for ::1 at 2015-12-01 10:26:15 +0100


Started GET "/assets/sessions.self-19a187bec6cdb96d6de80a61c16c857c613536adf9138476bd367db38d282635.js?body=1" for ::1 at 2015-12-01 10:26:15 +0100


Started GET "/assets/users.self-e3b0c44298fc1c149afbf4c8996fb92427ae41e4649b934ca495991b7852b855.css?body=1" for ::1 at 2015-12-01 10:26:15 +0100


Started GET "/assets/application.self-e80e8f2318043e8af94dddc2adad5a4f09739a8ebb323b3ab31cd71d45fd9113.css?body=1" for ::1 at 2015-12-01 10:26:15 +0100


Started GET "/assets/jquery_ujs.self-8e98a7a072a6cee1372d19fff9ff3e6aa1e39a37d89d6f06861637d061113ee7.js?body=1" for ::1 at 2015-12-01 10:26:15 +0100


Started GET "/assets/jquery.self-d03a5518f45df77341bdbe6201ba3bfa547ebba8ed64f0ea56bfa5f96ea7c074.js?body=1" for ::1 at 2015-12-01 10:26:15 +0100


Started GET "/assets/application.self-377610cd7c1509e934744c810e3b4cf672dfbcacac3274e7d039827e2ae0fcc7.js?body=1" for ::1 at 2015-12-01 10:26:15 +0100


Started GET "/signup" for ::1 at 2015-12-01 10:26:17 +0100
Processing by UsersController#new as HTML
  Rendered users/new.html.erb within layouts/application (35.9ms)
Completed 200 OK in 100ms (Views: 87.3ms | ActiveRecord: 0.5ms)


Started POST "/users" for ::1 at 2015-12-01 10:26:28 +0100
Processing by UsersController#create as HTML
  Parameters: {"utf8"=>"✓", "authenticity_token"=>"eURuXPn+ldExJHMcKdgattprzMs0PTv4yPadDq/wU32N2AY1VgI996wJ4CUwvj+VIAiTnCiFU2Z56kLxuE2rwQ==", "user"=>{"username"=>"lara", "email"=>"larascully@hotmail.com", "password"=>"[FILTERED]", "password_confirmation"=>"[FILTERED]"}, "commit"=>"Submit"}
Completed 500 Internal Server Error in 3ms (ActiveRecord: 0.0ms)

ActiveRecord::UnknownAttributeError (unknown attribute 'password' for User.):
  app/controllers/users_controller.rb:22:in `create'


  Rendered /Users/larahoyatrujillo/.rvm/gems/ruby-2.2.1/gems/actionpack-4.2.1/lib/action_dispatch/middleware/templates/rescues/_source.erb (4.5ms)
  Rendered /Users/larahoyatrujillo/.rvm/gems/ruby-2.2.1/gems/actionpack-4.2.1/lib/action_dispatch/middleware/templates/rescues/_trace.html.erb (2.0ms)
  Rendered /Users/larahoyatrujillo/.rvm/gems/ruby-2.2.1/gems/actionpack-4.2.1/lib/action_dispatch/middleware/templates/rescues/_request_and_response.html.erb (0.9ms)
  Rendered /Users/larahoyatrujillo/.rvm/gems/ruby-2.2.1/gems/actionpack-4.2.1/lib/action_dispatch/middleware/templates/rescues/diagnostics.html.erb within rescues/layout (50.2ms)
  Rendered /Users/larahoyatrujillo/.rvm/gems/ruby-2.2.1/gems/web-console-2.1.2/lib/web_console/templates/_markup.html.erb (0.6ms)
  Rendered /Users/larahoyatrujillo/.rvm/gems/ruby-2.2.1/gems/web-console-2.1.2/lib/web_console/templates/style.css.erb within layouts/inlined_string (0.5ms)
  Rendered /Users/larahoyatrujillo/.rvm/gems/ruby-2.2.1/gems/web-console-2.1.2/lib/web_console/templates/_inner_console_markup.html.erb within layouts/inlined_string (0.3ms)
  Rendered /Users/larahoyatrujillo/.rvm/gems/ruby-2.2.1/gems/web-console-2.1.2/lib/web_console/templates/_prompt_box_markup.html.erb within layouts/inlined_string (0.3ms)
  Rendered /Users/larahoyatrujillo/.rvm/gems/ruby-2.2.1/gems/web-console-2.1.2/lib/web_console/templates/console.js.erb within layouts/javascript (39.9ms)
  Rendered /Users/larahoyatrujillo/.rvm/gems/ruby-2.2.1/gems/web-console-2.1.2/lib/web_console/templates/main.js.erb within layouts/javascript (0.3ms)
  Rendered /Users/larahoyatrujillo/.rvm/gems/ruby-2.2.1/gems/web-console-2.1.2/lib/web_console/templates/error_page.js.erb within layouts/javascript (0.5ms)
  Rendered /Users/larahoyatrujillo/.rvm/gems/ruby-2.2.1/gems/web-console-2.1.2/lib/web_console/templates/index.html.erb (100.9ms)


Started GET "/" for ::1 at 2015-12-01 10:27:34 +0100
Processing by UsersController#home as HTML
  Rendered users/home.html.erb within layouts/application (0.1ms)
Completed 200 OK in 22ms (Views: 22.1ms | ActiveRecord: 0.0ms)


Started GET "/signup" for ::1 at 2015-12-01 10:28:20 +0100
Processing by UsersController#new as HTML
  Rendered users/new.html.erb within layouts/application (2.2ms)
Completed 200 OK in 25ms (Views: 24.6ms | ActiveRecord: 0.0ms)


Started POST "/users" for ::1 at 2015-12-01 10:28:27 +0100
Processing by UsersController#create as HTML
  Parameters: {"utf8"=>"✓", "authenticity_token"=>"nxObHPtDUQYOv/IqLlixUhnRUYx4KCvHR4zPKXesKUhrj/N1VL/5IJOSYRM3PpRx47IO22SQQ1n2kBDWYBHR9A==", "user"=>{"username"=>"a", "email"=>"a@a.com", "password"=>"[FILTERED]", "password_confirmation"=>"[FILTERED]"}, "commit"=>"Submit"}
Completed 500 Internal Server Error in 2ms (ActiveRecord: 0.0ms)

ActiveRecord::UnknownAttributeError (unknown attribute 'password' for User.):
  app/controllers/users_controller.rb:22:in `create'


  Rendered /Users/larahoyatrujillo/.rvm/gems/ruby-2.2.1/gems/actionpack-4.2.1/lib/action_dispatch/middleware/templates/rescues/_source.erb (10.0ms)
  Rendered /Users/larahoyatrujillo/.rvm/gems/ruby-2.2.1/gems/actionpack-4.2.1/lib/action_dispatch/middleware/templates/rescues/_trace.html.erb (2.1ms)
  Rendered /Users/larahoyatrujillo/.rvm/gems/ruby-2.2.1/gems/actionpack-4.2.1/lib/action_dispatch/middleware/templates/rescues/_request_and_response.html.erb (1.0ms)
  Rendered /Users/larahoyatrujillo/.rvm/gems/ruby-2.2.1/gems/actionpack-4.2.1/lib/action_dispatch/middleware/templates/rescues/diagnostics.html.erb within rescues/layout (63.8ms)
  Rendered /Users/larahoyatrujillo/.rvm/gems/ruby-2.2.1/gems/web-console-2.1.2/lib/web_console/templates/_markup.html.erb (0.3ms)
  Rendered /Users/larahoyatrujillo/.rvm/gems/ruby-2.2.1/gems/web-console-2.1.2/lib/web_console/templates/style.css.erb within layouts/inlined_string (0.6ms)
  Rendered /Users/larahoyatrujillo/.rvm/gems/ruby-2.2.1/gems/web-console-2.1.2/lib/web_console/templates/_inner_console_markup.html.erb within layouts/inlined_string (0.3ms)
  Rendered /Users/larahoyatrujillo/.rvm/gems/ruby-2.2.1/gems/web-console-2.1.2/lib/web_console/templates/_prompt_box_markup.html.erb within layouts/inlined_string (0.3ms)
  Rendered /Users/larahoyatrujillo/.rvm/gems/ruby-2.2.1/gems/web-console-2.1.2/lib/web_console/templates/console.js.erb within layouts/javascript (49.4ms)
  Rendered /Users/larahoyatrujillo/.rvm/gems/ruby-2.2.1/gems/web-console-2.1.2/lib/web_console/templates/main.js.erb within layouts/javascript (0.4ms)
  Rendered /Users/larahoyatrujillo/.rvm/gems/ruby-2.2.1/gems/web-console-2.1.2/lib/web_console/templates/error_page.js.erb within layouts/javascript (0.5ms)
  Rendered /Users/larahoyatrujillo/.rvm/gems/ruby-2.2.1/gems/web-console-2.1.2/lib/web_console/templates/index.html.erb (102.2ms)


Started GET "/" for ::1 at 2015-12-01 10:29:08 +0100
Processing by UsersController#home as HTML
  Rendered users/home.html.erb within layouts/application (0.3ms)
Completed 200 OK in 29ms (Views: 28.8ms | ActiveRecord: 0.0ms)


Started GET "/signup" for ::1 at 2015-12-01 10:29:09 +0100
Processing by UsersController#new as HTML
  Rendered users/new.html.erb within layouts/application (1.6ms)
Completed 200 OK in 35ms (Views: 26.8ms | ActiveRecord: 0.5ms)


Started POST "/users" for ::1 at 2015-12-01 10:29:15 +0100
Processing by UsersController#create as HTML
  Parameters: {"utf8"=>"✓", "authenticity_token"=>"PDMeFdMBRuu/hRU0LnENGyCQaMkva0RTQdMEiuiR36DIr3Z8fP3uzSKohg03Fyg42vM3njPTLM3wz9t1/ywnHA==", "user"=>{"username"=>"a", "email"=>"a@a.com", "password"=>"[FILTERED]", "password_confirmation"=>"[FILTERED]"}, "commit"=>"Submit"}
  [1m[35m (0.1ms)[0m  begin transaction
  [1m[36mUser Exists (2.4ms)[0m  [1mSELECT  1 AS one FROM "users" WHERE "users"."email" = 'a@a.com' LIMIT 1[0m
  [1m[35m (0.2ms)[0m  rollback transaction
  Rendered users/new.html.erb within layouts/application (1.6ms)
Completed 200 OK in 182ms (Views: 35.2ms | ActiveRecord: 2.6ms)


Started GET "/" for ::1 at 2015-12-01 10:31:14 +0100
Processing by UsersController#home as HTML
  Rendered users/home.html.erb within layouts/application (0.1ms)
Completed 200 OK in 22ms (Views: 22.0ms | ActiveRecord: 0.0ms)


Started GET "/signup" for ::1 at 2015-12-01 10:31:15 +0100
Processing by UsersController#new as HTML
  Rendered users/new.html.erb within layouts/application (1.5ms)
Completed 200 OK in 29ms (Views: 28.7ms | ActiveRecord: 0.0ms)


Started POST "/users" for ::1 at 2015-12-01 10:31:19 +0100
Processing by UsersController#create as HTML
  Parameters: {"utf8"=>"✓", "authenticity_token"=>"ZNt6Y1HvfpqqWN5pcjC/SYDQvz31ZC2ppD13xmxCu/KQRxIK/hPWvDd1TVBrVppqerPgauncRTcVIag5e/9DTg==", "user"=>{"username"=>"a", "email"=>"a@a.com", "password"=>"[FILTERED]", "password_confirmation"=>"[FILTERED]"}, "commit"=>"Submit"}
  [1m[36m (0.1ms)[0m  [1mbegin transaction[0m
  [1m[35mUser Exists (0.2ms)[0m  SELECT  1 AS one FROM "users" WHERE "users"."email" = 'a@a.com' LIMIT 1
  [1m[36m (0.1ms)[0m  [1mrollback transaction[0m
  Rendered users/new.html.erb within layouts/application (1.3ms)
Completed 200 OK in 30ms (Views: 25.6ms | ActiveRecord: 0.4ms)


Started POST "/users" for ::1 at 2015-12-01 10:37:09 +0100
Processing by UsersController#create as HTML
  Parameters: {"utf8"=>"✓", "authenticity_token"=>"ZNt6Y1HvfpqqWN5pcjC/SYDQvz31ZC2ppD13xmxCu/KQRxIK/hPWvDd1TVBrVppqerPgauncRTcVIag5e/9DTg==", "user"=>{"username"=>"a", "email"=>"a@a.com", "password"=>"[FILTERED]", "password_confirmation"=>"[FILTERED]"}, "commit"=>"Submit"}
  [1m[35m (0.1ms)[0m  begin transaction
  [1m[36mUser Exists (0.2ms)[0m  [1mSELECT  1 AS one FROM "users" WHERE "users"."email" = 'a@a.com' LIMIT 1[0m
  [1m[35m (0.1ms)[0m  rollback transaction
  Rendered users/new.html.erb within layouts/application (1.3ms)
Completed 200 OK in 30ms (Views: 24.4ms | ActiveRecord: 0.4ms)


Started GET "/assets/sessions.self-e3b0c44298fc1c149afbf4c8996fb92427ae41e4649b934ca495991b7852b855.css?body=1" for ::1 at 2015-12-01 10:37:09 +0100


Started GET "/assets/users.self-e3b0c44298fc1c149afbf4c8996fb92427ae41e4649b934ca495991b7852b855.css?body=1" for ::1 at 2015-12-01 10:37:09 +0100


Started GET "/assets/jquery.self-d03a5518f45df77341bdbe6201ba3bfa547ebba8ed64f0ea56bfa5f96ea7c074.js?body=1" for ::1 at 2015-12-01 10:37:09 +0100


Started GET "/assets/application.self-e80e8f2318043e8af94dddc2adad5a4f09739a8ebb323b3ab31cd71d45fd9113.css?body=1" for ::1 at 2015-12-01 10:37:09 +0100


Started GET "/assets/sessions.self-19a187bec6cdb96d6de80a61c16c857c613536adf9138476bd367db38d282635.js?body=1" for ::1 at 2015-12-01 10:37:09 +0100


Started GET "/assets/jquery_ujs.self-8e98a7a072a6cee1372d19fff9ff3e6aa1e39a37d89d6f06861637d061113ee7.js?body=1" for ::1 at 2015-12-01 10:37:09 +0100


Started GET "/assets/application.self-377610cd7c1509e934744c810e3b4cf672dfbcacac3274e7d039827e2ae0fcc7.js?body=1" for ::1 at 2015-12-01 10:37:09 +0100


Started GET "/users" for ::1 at 2015-12-01 10:37:12 +0100
Processing by UsersController#index as HTML
  [1m[36mUser Load (0.1ms)[0m  [1mSELECT "users".* FROM "users"[0m
  Rendered users/index.html.erb within layouts/application (1.4ms)
Completed 200 OK in 22ms (Views: 21.8ms | ActiveRecord: 0.1ms)


Started GET "/" for ::1 at 2015-12-01 10:37:15 +0100
Processing by UsersController#home as HTML
  Rendered users/home.html.erb within layouts/application (0.1ms)
Completed 200 OK in 22ms (Views: 22.1ms | ActiveRecord: 0.0ms)


Started GET "/signup" for ::1 at 2015-12-01 10:37:16 +0100
Processing by UsersController#new as HTML
  Rendered users/new.html.erb within layouts/application (0.8ms)
Completed 200 OK in 42ms (Views: 41.1ms | ActiveRecord: 0.0ms)


Started POST "/users" for ::1 at 2015-12-01 10:37:27 +0100
Processing by UsersController#create as HTML
  Parameters: {"utf8"=>"✓", "authenticity_token"=>"4/T2bM+W318/wul9gV8nQrIpl+agF15W/hXRca1QpccXaJ4FYGp3eaLvekSYOQJhSErIsbyvNshPCQ6Ouu1dew==", "user"=>{"username"=>"lara", "email"=>"larascully@hotmail.com", "password"=>"[FILTERED]", "password_confirmation"=>"[FILTERED]"}, "commit"=>"Submit"}
  [1m[35m (0.1ms)[0m  begin transaction
  [1m[36mUser Exists (0.1ms)[0m  [1mSELECT  1 AS one FROM "users" WHERE "users"."email" = 'larascully@hotmail.com' LIMIT 1[0m
  [1m[35mSQL (2.4ms)[0m  INSERT INTO "users" ("username", "email", "password_digest", "created_at", "updated_at") VALUES (?, ?, ?, ?, ?)  [["username", "lara"], ["email", "larascully@hotmail.com"], ["password_digest", "$2a$10$BFh6SJOxWUM8DmYEsL4ayeBRAlJt2y5y4b728LGtmWAh9gXeIZJ7K"], ["created_at", "2015-12-01 09:37:27.601074"], ["updated_at", "2015-12-01 09:37:27.601074"]]
  [1m[36m (3.4ms)[0m  [1mcommit transaction[0m
Redirected to http://localhost:3000/
Completed 302 Found in 93ms (ActiveRecord: 6.0ms)


Started GET "/" for ::1 at 2015-12-01 10:37:27 +0100
Processing by UsersController#home as HTML
  Rendered users/home.html.erb within layouts/application (0.1ms)
Completed 200 OK in 24ms (Views: 23.6ms | ActiveRecord: 0.0ms)


Started GET "/users" for ::1 at 2015-12-01 10:37:43 +0100
Processing by UsersController#index as HTML
  [1m[35mUser Load (0.2ms)[0m  SELECT "users".* FROM "users"
  Rendered users/index.html.erb within layouts/application (1.0ms)
Completed 200 OK in 26ms (Views: 26.0ms | ActiveRecord: 0.2ms)


Started GET "/" for ::1 at 2015-12-01 10:37:48 +0100
Processing by UsersController#home as HTML
  Rendered users/home.html.erb within layouts/application (0.1ms)
Completed 200 OK in 26ms (Views: 25.8ms | ActiveRecord: 0.0ms)
  [1m[36mUser Load (0.3ms)[0m  [1mSELECT  "users".* FROM "users"  ORDER BY "users"."id" DESC LIMIT 1[0m


Started GET "/login" for ::1 at 2015-12-01 10:58:50 +0100
  [1m[36mActiveRecord::SchemaMigration Load (0.3ms)[0m  [1mSELECT "schema_migrations".* FROM "schema_migrations"[0m
Processing by SessionsController#new as HTML
  Rendered sessions/new.html.erb within layouts/application (12.0ms)
Completed 200 OK in 232ms (Views: 231.5ms | ActiveRecord: 0.0ms)


Started GET "/" for ::1 at 2015-12-01 11:23:22 +0100
  [1m[36mActiveRecord::SchemaMigration Load (0.1ms)[0m  [1mSELECT "schema_migrations".* FROM "schema_migrations"[0m
Processing by UsersController#home as HTML
  Rendered users/home.html.erb within layouts/application (1.4ms)
Completed 200 OK in 181ms (Views: 180.2ms | ActiveRecord: 0.0ms)


Started GET "/assets/sessions.self-e3b0c44298fc1c149afbf4c8996fb92427ae41e4649b934ca495991b7852b855.css?body=1" for ::1 at 2015-12-01 11:23:22 +0100


Started GET "/assets/jquery.self-d03a5518f45df77341bdbe6201ba3bfa547ebba8ed64f0ea56bfa5f96ea7c074.js?body=1" for ::1 at 2015-12-01 11:23:23 +0100


Started GET "/assets/jquery_ujs.self-8e98a7a072a6cee1372d19fff9ff3e6aa1e39a37d89d6f06861637d061113ee7.js?body=1" for ::1 at 2015-12-01 11:23:23 +0100


Started GET "/assets/users.self-e3b0c44298fc1c149afbf4c8996fb92427ae41e4649b934ca495991b7852b855.css?body=1" for ::1 at 2015-12-01 11:23:23 +0100


Started GET "/assets/application.self-e80e8f2318043e8af94dddc2adad5a4f09739a8ebb323b3ab31cd71d45fd9113.css?body=1" for ::1 at 2015-12-01 11:23:23 +0100


Started GET "/assets/sessions.self-19a187bec6cdb96d6de80a61c16c857c613536adf9138476bd367db38d282635.js?body=1" for ::1 at 2015-12-01 11:23:23 +0100


Started GET "/assets/application.self-377610cd7c1509e934744c810e3b4cf672dfbcacac3274e7d039827e2ae0fcc7.js?body=1" for ::1 at 2015-12-01 11:23:23 +0100


Started GET "/users" for ::1 at 2015-12-01 11:23:24 +0100
Processing by UsersController#index as HTML
  [1m[35mUser Load (0.2ms)[0m  SELECT "users".* FROM "users"
  Rendered users/index.html.erb within layouts/application (5.4ms)
Completed 200 OK in 30ms (Views: 27.4ms | ActiveRecord: 0.6ms)


Started GET "/" for ::1 at 2015-12-01 11:23:26 +0100
Processing by UsersController#home as HTML
  Rendered users/home.html.erb within layouts/application (0.1ms)
Completed 200 OK in 25ms (Views: 24.4ms | ActiveRecord: 0.0ms)


Started GET "/" for ::1 at 2015-12-01 11:29:58 +0100
Processing by UsersController#home as HTML
  Rendered users/home.html.erb within layouts/application (0.2ms)
Completed 200 OK in 28ms (Views: 27.5ms | ActiveRecord: 0.0ms)


Started GET "/assets/sessions.self-e3b0c44298fc1c149afbf4c8996fb92427ae41e4649b934ca495991b7852b855.css?body=1" for ::1 at 2015-12-01 11:29:58 +0100


Started GET "/assets/jquery_ujs.self-8e98a7a072a6cee1372d19fff9ff3e6aa1e39a37d89d6f06861637d061113ee7.js?body=1" for ::1 at 2015-12-01 11:29:58 +0100


Started GET "/assets/application.self-e80e8f2318043e8af94dddc2adad5a4f09739a8ebb323b3ab31cd71d45fd9113.css?body=1" for ::1 at 2015-12-01 11:29:58 +0100


Started GET "/assets/users.self-e3b0c44298fc1c149afbf4c8996fb92427ae41e4649b934ca495991b7852b855.css?body=1" for ::1 at 2015-12-01 11:29:58 +0100


Started GET "/assets/sessions.self-19a187bec6cdb96d6de80a61c16c857c613536adf9138476bd367db38d282635.js?body=1" for ::1 at 2015-12-01 11:29:58 +0100


Started GET "/assets/application.self-377610cd7c1509e934744c810e3b4cf672dfbcacac3274e7d039827e2ae0fcc7.js?body=1" for ::1 at 2015-12-01 11:29:58 +0100


Started GET "/assets/jquery.self-d03a5518f45df77341bdbe6201ba3bfa547ebba8ed64f0ea56bfa5f96ea7c074.js?body=1" for ::1 at 2015-12-01 11:29:58 +0100


Started GET "/login" for ::1 at 2015-12-01 11:30:04 +0100
Processing by SessionsController#new as HTML
  Rendered sessions/new.html.erb within layouts/application (1.3ms)
Completed 200 OK in 27ms (Views: 27.1ms | ActiveRecord: 0.0ms)


Started POST "/login" for ::1 at 2015-12-01 11:30:20 +0100
Processing by SessionsController#create as HTML
  Parameters: {"utf8"=>"✓", "authenticity_token"=>"9ZIf5immbLOAb8B/sJsgWP1qC/CQKwyOYSdOdVjh9EsBDnePhlrElR1CU0ap/QV7BwlUp4yTZBDQO5GKT1wM9w==", "email"=>"arascully@hotmail.com", "password"=>"[FILTERED]", "commit"=>"Go!"}
  [1m[36mUser Load (0.3ms)[0m  [1mSELECT  "users".* FROM "users" WHERE "users"."email" = ? LIMIT 1[0m  [["email", "arascully@hotmail.com"]]
Redirected to http://localhost:3000/login
Completed 302 Found in 28ms (ActiveRecord: 0.6ms)


Started GET "/login" for ::1 at 2015-12-01 11:30:20 +0100
Processing by SessionsController#new as HTML
  Rendered sessions/new.html.erb within layouts/application (0.6ms)
Completed 200 OK in 24ms (Views: 23.9ms | ActiveRecord: 0.0ms)


Started GET "/login" for ::1 at 2015-12-01 11:33:59 +0100
  [1m[36mActiveRecord::SchemaMigration Load (0.1ms)[0m  [1mSELECT "schema_migrations".* FROM "schema_migrations"[0m
Processing by SessionsController#new as HTML
  Rendered sessions/new.html.erb within layouts/application (12.0ms)
Completed 200 OK in 252ms (Views: 251.9ms | ActiveRecord: 0.0ms)


Started GET "/assets/jquery.self-d03a5518f45df77341bdbe6201ba3bfa547ebba8ed64f0ea56bfa5f96ea7c074.js?body=1" for ::1 at 2015-12-01 11:33:59 +0100


Started GET "/assets/sessions.self-e3b0c44298fc1c149afbf4c8996fb92427ae41e4649b934ca495991b7852b855.css?body=1" for ::1 at 2015-12-01 11:33:59 +0100


Started GET "/assets/sessions.self-19a187bec6cdb96d6de80a61c16c857c613536adf9138476bd367db38d282635.js?body=1" for ::1 at 2015-12-01 11:33:59 +0100


Started GET "/assets/jquery_ujs.self-8e98a7a072a6cee1372d19fff9ff3e6aa1e39a37d89d6f06861637d061113ee7.js?body=1" for ::1 at 2015-12-01 11:33:59 +0100


Started GET "/assets/users.self-e3b0c44298fc1c149afbf4c8996fb92427ae41e4649b934ca495991b7852b855.css?body=1" for ::1 at 2015-12-01 11:33:59 +0100


Started GET "/assets/application.self-e80e8f2318043e8af94dddc2adad5a4f09739a8ebb323b3ab31cd71d45fd9113.css?body=1" for ::1 at 2015-12-01 11:33:59 +0100


Started GET "/assets/application.self-377610cd7c1509e934744c810e3b4cf672dfbcacac3274e7d039827e2ae0fcc7.js?body=1" for ::1 at 2015-12-01 11:33:59 +0100


Started POST "/login" for ::1 at 2015-12-01 11:34:05 +0100
Processing by SessionsController#create as HTML
  Parameters: {"utf8"=>"✓", "authenticity_token"=>"qN3f3wXQ+ZGxAAxpm2s0JBMIhJ4hLQhyhgDxBY432HBcQbe2qixRtywtn1CCDREH6WvbyT2VYOw3HC76mYogzA==", "email"=>"larascully@hotmail.com", "password"=>"[FILTERED]", "commit"=>"Go!"}
  [1m[35mUser Load (0.2ms)[0m  SELECT  "users".* FROM "users" WHERE "users"."email" = ? LIMIT 1  [["email", "larascully@hotmail.com"]]
Redirected to http://localhost:3000/profile
Completed 302 Found in 92ms (ActiveRecord: 0.8ms)


Started GET "/profile" for ::1 at 2015-12-01 11:34:05 +0100
Processing by UsersController#show as HTML
  Rendered users/show.html.erb within layouts/application (0.4ms)
Completed 200 OK in 47ms (Views: 46.6ms | ActiveRecord: 0.0ms)


Started GET "/profile" for ::1 at 2015-12-01 11:44:56 +0100
Processing by UsersController#show as HTML
  [1m[36mUser Load (0.2ms)[0m  [1mSELECT  "users".* FROM "users" WHERE "users"."id" = ? LIMIT 1[0m  [["id", 5]]
  Rendered users/show.html.erb within layouts/application (10.2ms)
Completed 200 OK in 53ms (Views: 51.0ms | ActiveRecord: 1.3ms)


Started GET "/assets/users.self-e3b0c44298fc1c149afbf4c8996fb92427ae41e4649b934ca495991b7852b855.css?body=1" for ::1 at 2015-12-01 11:44:56 +0100


Started GET "/assets/sessions.self-e3b0c44298fc1c149afbf4c8996fb92427ae41e4649b934ca495991b7852b855.css?body=1" for ::1 at 2015-12-01 11:44:56 +0100


Started GET "/assets/application.self-e80e8f2318043e8af94dddc2adad5a4f09739a8ebb323b3ab31cd71d45fd9113.css?body=1" for ::1 at 2015-12-01 11:44:56 +0100


Started GET "/assets/application.self-377610cd7c1509e934744c810e3b4cf672dfbcacac3274e7d039827e2ae0fcc7.js?body=1" for ::1 at 2015-12-01 11:44:56 +0100


Started GET "/assets/jquery.self-d03a5518f45df77341bdbe6201ba3bfa547ebba8ed64f0ea56bfa5f96ea7c074.js?body=1" for ::1 at 2015-12-01 11:44:56 +0100


Started GET "/assets/jquery_ujs.self-8e98a7a072a6cee1372d19fff9ff3e6aa1e39a37d89d6f06861637d061113ee7.js?body=1" for ::1 at 2015-12-01 11:44:56 +0100


Started GET "/assets/sessions.self-19a187bec6cdb96d6de80a61c16c857c613536adf9138476bd367db38d282635.js?body=1" for ::1 at 2015-12-01 11:44:56 +0100


Started GET "/profile" for ::1 at 2015-12-01 11:52:36 +0100
Processing by UsersController#show as HTML
  [1m[35mUser Load (0.1ms)[0m  SELECT  "users".* FROM "users" WHERE "users"."id" = ? LIMIT 1  [["id", 5]]
  Rendered users/show.html.erb within layouts/application (6.9ms)
Completed 200 OK in 31ms (Views: 29.8ms | ActiveRecord: 0.6ms)


Started GET "/assets/sessions.self-e3b0c44298fc1c149afbf4c8996fb92427ae41e4649b934ca495991b7852b855.css?body=1" for ::1 at 2015-12-01 11:52:36 +0100


Started GET "/assets/jquery.self-d03a5518f45df77341bdbe6201ba3bfa547ebba8ed64f0ea56bfa5f96ea7c074.js?body=1" for ::1 at 2015-12-01 11:52:36 +0100


Started GET "/assets/application.self-e80e8f2318043e8af94dddc2adad5a4f09739a8ebb323b3ab31cd71d45fd9113.css?body=1" for ::1 at 2015-12-01 11:52:36 +0100


Started GET "/assets/jquery_ujs.self-8e98a7a072a6cee1372d19fff9ff3e6aa1e39a37d89d6f06861637d061113ee7.js?body=1" for ::1 at 2015-12-01 11:52:36 +0100


Started GET "/assets/users.self-e3b0c44298fc1c149afbf4c8996fb92427ae41e4649b934ca495991b7852b855.css?body=1" for ::1 at 2015-12-01 11:52:36 +0100


Started GET "/assets/sessions.self-19a187bec6cdb96d6de80a61c16c857c613536adf9138476bd367db38d282635.js?body=1" for ::1 at 2015-12-01 11:52:36 +0100


Started GET "/assets/application.self-377610cd7c1509e934744c810e3b4cf672dfbcacac3274e7d039827e2ae0fcc7.js?body=1" for ::1 at 2015-12-01 11:52:36 +0100


Started GET "/profile" for ::1 at 2015-12-01 12:07:21 +0100
Processing by UsersController#show as HTML
  [1m[36mUser Load (0.1ms)[0m  [1mSELECT  "users".* FROM "users" WHERE "users"."id" = ? LIMIT 1[0m  [["id", 5]]
  Rendered users/show.html.erb within layouts/application (7.0ms)
Completed 200 OK in 32ms (Views: 30.7ms | ActiveRecord: 0.6ms)


Started GET "/assets/sessions.self-e3b0c44298fc1c149afbf4c8996fb92427ae41e4649b934ca495991b7852b855.css?body=1" for ::1 at 2015-12-01 12:07:21 +0100


Started GET "/assets/users.self-e3b0c44298fc1c149afbf4c8996fb92427ae41e4649b934ca495991b7852b855.css?body=1" for ::1 at 2015-12-01 12:07:21 +0100


Started GET "/assets/sessions.self-19a187bec6cdb96d6de80a61c16c857c613536adf9138476bd367db38d282635.js?body=1" for ::1 at 2015-12-01 12:07:21 +0100


Started GET "/assets/jquery.self-d03a5518f45df77341bdbe6201ba3bfa547ebba8ed64f0ea56bfa5f96ea7c074.js?body=1" for ::1 at 2015-12-01 12:07:21 +0100


Started GET "/assets/application.self-e80e8f2318043e8af94dddc2adad5a4f09739a8ebb323b3ab31cd71d45fd9113.css?body=1" for ::1 at 2015-12-01 12:07:21 +0100


Started GET "/assets/jquery_ujs.self-8e98a7a072a6cee1372d19fff9ff3e6aa1e39a37d89d6f06861637d061113ee7.js?body=1" for ::1 at 2015-12-01 12:07:21 +0100


Started GET "/assets/application.self-377610cd7c1509e934744c810e3b4cf672dfbcacac3274e7d039827e2ae0fcc7.js?body=1" for ::1 at 2015-12-01 12:07:21 +0100


Started GET "/login" for ::1 at 2015-12-01 12:07:23 +0100
Processing by SessionsController#new as HTML
  Rendered sessions/new.html.erb within layouts/application (0.7ms)
Completed 200 OK in 28ms (Views: 27.7ms | ActiveRecord: 0.0ms)


Started GET "/" for ::1 at 2015-12-01 12:07:27 +0100
Processing by UsersController#home as HTML
  [1m[35mUser Load (0.2ms)[0m  SELECT  "users".* FROM "users" WHERE "users"."id" = ? LIMIT 1  [["id", 5]]
  Rendered users/home.html.erb within layouts/application (0.6ms)
Completed 200 OK in 22ms (Views: 21.1ms | ActiveRecord: 0.2ms)


Started DELETE "/logout" for ::1 at 2015-12-01 12:07:30 +0100
Processing by SessionsController#destroy as HTML
  Parameters: {"authenticity_token"=>"gyEoTBSGAiqju2enVUTt09KnAubOv1VnD5YEJSZu/pZ3vUAlu3qqDD6W9J5MIsjwKMRdsdIHPfm+itvaMdMGKg=="}
Redirected to http://localhost:3000/
Completed 302 Found in 1ms (ActiveRecord: 0.0ms)


Started GET "/" for ::1 at 2015-12-01 12:07:30 +0100
Processing by UsersController#home as HTML
  [1m[36mUser Load (0.2ms)[0m  [1mSELECT  "users".* FROM "users" WHERE "users"."id" IS NULL LIMIT 1[0m
  Rendered users/home.html.erb within layouts/application (0.2ms)
Completed 200 OK in 26ms (Views: 25.1ms | ActiveRecord: 0.2ms)


Started GET "/login" for ::1 at 2015-12-01 12:07:32 +0100
Processing by SessionsController#new as HTML
  Rendered sessions/new.html.erb within layouts/application (0.6ms)
Completed 200 OK in 24ms (Views: 24.1ms | ActiveRecord: 0.0ms)


Started POST "/login" for ::1 at 2015-12-01 12:07:37 +0100
Processing by SessionsController#create as HTML
  Parameters: {"utf8"=>"✓", "authenticity_token"=>"1bQiRTVPpDiP/4JonW/1AgTv7Y1/WTrxqm+T8UcbzF8BJypuwBDt+W9xxoXifd0oD4USnCg0yU7NfwSwn9ZJYQ==", "email"=>"larascully@hotmail.com", "password"=>"[FILTERED]", "commit"=>"Go!"}
  [1m[35mUser Load (0.2ms)[0m  SELECT  "users".* FROM "users" WHERE "users"."email" = ? LIMIT 1  [["email", "larascully@hotmail.com"]]
Redirected to http://localhost:3000/profile
Completed 302 Found in 87ms (ActiveRecord: 0.2ms)


Started GET "/profile" for ::1 at 2015-12-01 12:07:37 +0100
Processing by UsersController#show as HTML
  [1m[36mUser Load (0.1ms)[0m  [1mSELECT  "users".* FROM "users" WHERE "users"."id" = ? LIMIT 1[0m  [["id", 5]]
  Rendered users/show.html.erb within layouts/application (0.8ms)
Completed 200 OK in 22ms (Views: 21.4ms | ActiveRecord: 0.1ms)


Started GET "/login" for ::1 at 2015-12-01 12:10:39 +0100
Processing by SessionsController#new as HTML
  Rendered sessions/new.html.erb within layouts/application (0.9ms)
Completed 200 OK in 37ms (Views: 36.2ms | ActiveRecord: 0.0ms)


Started GET "/" for ::1 at 2015-12-01 12:10:44 +0100
Processing by UsersController#home as HTML
  [1m[35mUser Load (0.2ms)[0m  SELECT  "users".* FROM "users" WHERE "users"."id" = ? LIMIT 1  [["id", 5]]
  Rendered users/home.html.erb within layouts/application (0.3ms)
Completed 200 OK in 25ms (Views: 23.8ms | ActiveRecord: 0.2ms)


Started DELETE "/logout" for ::1 at 2015-12-01 12:10:47 +0100
Processing by SessionsController#destroy as HTML
  Parameters: {"authenticity_token"=>"FjMP9aZHE7+9ni9Mvd/L9vb5L+q29YYJngF+OqVPwj/CoAfeUxhafl0Qa6HCzePc/ZPQ++GYdbb5Eel7fYJHAQ=="}
Redirected to http://localhost:3000/
Completed 302 Found in 1ms (ActiveRecord: 0.0ms)


Started GET "/" for ::1 at 2015-12-01 12:10:47 +0100
Processing by UsersController#home as HTML
  [1m[36mUser Load (0.1ms)[0m  [1mSELECT  "users".* FROM "users" WHERE "users"."id" IS NULL LIMIT 1[0m
  Rendered users/home.html.erb within layouts/application (0.3ms)
Completed 200 OK in 27ms (Views: 25.5ms | ActiveRecord: 0.1ms)


Started DELETE "/logout" for ::1 at 2015-12-01 12:10:48 +0100
Processing by SessionsController#destroy as HTML
  Parameters: {"authenticity_token"=>"R/mZWdUZMq4mjkoj+Qbom3gmr7Ujrly2O+insbO82huOvoZp2myhCWxZcoB0hTOVcS4wgJt/olajILlSekiClw=="}
Redirected to http://localhost:3000/
Completed 302 Found in 1ms (ActiveRecord: 0.0ms)


Started GET "/" for ::1 at 2015-12-01 12:10:48 +0100
Processing by UsersController#home as HTML
  [1m[35mUser Load (0.3ms)[0m  SELECT  "users".* FROM "users" WHERE "users"."id" IS NULL LIMIT 1
  Rendered users/home.html.erb within layouts/application (0.2ms)
Completed 200 OK in 24ms (Views: 22.8ms | ActiveRecord: 0.3ms)


Started GET "/" for ::1 at 2015-12-01 12:17:00 +0100
Processing by UsersController#home as HTML
  [1m[36mUser Load (0.1ms)[0m  [1mSELECT  "users".* FROM "users" WHERE "users"."id" IS NULL LIMIT 1[0m
  Rendered users/home.html.erb within layouts/application (0.2ms)
Completed 200 OK in 28ms (Views: 23.7ms | ActiveRecord: 0.4ms)


Started GET "/assets/sessions.self-e3b0c44298fc1c149afbf4c8996fb92427ae41e4649b934ca495991b7852b855.css?body=1" for ::1 at 2015-12-01 12:17:00 +0100


Started GET "/assets/users.self-e3b0c44298fc1c149afbf4c8996fb92427ae41e4649b934ca495991b7852b855.css?body=1" for ::1 at 2015-12-01 12:17:00 +0100


Started GET "/assets/jquery_ujs.self-8e98a7a072a6cee1372d19fff9ff3e6aa1e39a37d89d6f06861637d061113ee7.js?body=1" for ::1 at 2015-12-01 12:17:00 +0100


Started GET "/assets/application.self-e80e8f2318043e8af94dddc2adad5a4f09739a8ebb323b3ab31cd71d45fd9113.css?body=1" for ::1 at 2015-12-01 12:17:00 +0100


Started GET "/assets/jquery.self-d03a5518f45df77341bdbe6201ba3bfa547ebba8ed64f0ea56bfa5f96ea7c074.js?body=1" for ::1 at 2015-12-01 12:17:00 +0100


Started GET "/assets/sessions.self-19a187bec6cdb96d6de80a61c16c857c613536adf9138476bd367db38d282635.js?body=1" for ::1 at 2015-12-01 12:17:00 +0100


Started GET "/assets/application.self-377610cd7c1509e934744c810e3b4cf672dfbcacac3274e7d039827e2ae0fcc7.js?body=1" for ::1 at 2015-12-01 12:17:00 +0100


Started GET "/login" for ::1 at 2015-12-01 12:17:02 +0100
Processing by SessionsController#new as HTML
  Rendered sessions/new.html.erb within layouts/application (0.7ms)
Completed 200 OK in 28ms (Views: 27.4ms | ActiveRecord: 0.0ms)


Started POST "/login" for ::1 at 2015-12-01 12:17:06 +0100
Processing by SessionsController#create as HTML
  Parameters: {"utf8"=>"✓", "authenticity_token"=>"V8dtA8wz1zCkEAe5BNDPOQxAXggMvSi6kv7fb4F+84jxe3vY1IKvoVM7YDrBaBW+ijfSQ6h5aQUc9Oan2R6T9Q==", "email"=>"larascully@hotmail.com", "password"=>"[FILTERED]", "commit"=>"Go!"}
  [1m[35mUser Load (0.3ms)[0m  SELECT  "users".* FROM "users" WHERE "users"."email" = ? LIMIT 1  [["email", "larascully@hotmail.com"]]
Redirected to http://localhost:3000/profile
Completed 302 Found in 93ms (ActiveRecord: 0.6ms)


Started GET "/profile" for ::1 at 2015-12-01 12:17:07 +0100
Processing by UsersController#show as HTML
  [1m[36mUser Load (0.2ms)[0m  [1mSELECT  "users".* FROM "users" WHERE "users"."id" = ? LIMIT 1[0m  [["id", 5]]
  Rendered users/show.html.erb within layouts/application (1.1ms)
Completed 200 OK in 20ms (Views: 19.7ms | ActiveRecord: 0.2ms)


Started GET "/" for ::1 at 2015-12-01 12:17:10 +0100
Processing by UsersController#home as HTML
  [1m[35mUser Load (0.2ms)[0m  SELECT  "users".* FROM "users" WHERE "users"."id" = ? LIMIT 1  [["id", 5]]
  Rendered users/home.html.erb within layouts/application (0.2ms)
Completed 200 OK in 24ms (Views: 22.5ms | ActiveRecord: 0.2ms)


Started DELETE "/logout" for ::1 at 2015-12-01 12:17:11 +0100
Processing by SessionsController#destroy as HTML
  Parameters: {"authenticity_token"=>"Ig8k+m24RNX+b3MNBUEPKsjFlN9Pf2GDlmtrN1W29aKEszIhdQk8RAlEFI7A+dWtTrIYlOu7IDwYYVL/DdaV3w=="}
Redirected to http://localhost:3000/
Completed 302 Found in 1ms (ActiveRecord: 0.0ms)


Started GET "/" for ::1 at 2015-12-01 12:17:11 +0100
Processing by UsersController#home as HTML
  [1m[36mUser Load (0.1ms)[0m  [1mSELECT  "users".* FROM "users" WHERE "users"."id" IS NULL LIMIT 1[0m
  Rendered users/home.html.erb within layouts/application (0.1ms)
Completed 200 OK in 23ms (Views: 21.8ms | ActiveRecord: 0.1ms)


Started GET "/login" for ::1 at 2015-12-01 12:27:42 +0100
Processing by SessionsController#new as HTML
  Rendered sessions/new.html.erb within layouts/application (0.6ms)
Completed 200 OK in 31ms (Views: 30.4ms | ActiveRecord: 0.0ms)


Started POST "/login" for ::1 at 2015-12-01 12:27:47 +0100
Processing by SessionsController#create as HTML
  Parameters: {"utf8"=>"✓", "authenticity_token"=>"ILY/v0qsebJ606rq0JDETyojxTPCIBpncOjJBhOey26GCilkUh0BI434zWkVKB7IrFRJeGbkW9j+4vDOS/6rEw==", "email"=>"larascully@hotmail.com", "password"=>"[FILTERED]", "commit"=>"Go!"}
  [1m[35mUser Load (0.3ms)[0m  SELECT  "users".* FROM "users" WHERE "users"."email" = ? LIMIT 1  [["email", "larascully@hotmail.com"]]
Redirected to http://localhost:3000/profile
Completed 302 Found in 78ms (ActiveRecord: 0.3ms)


Started GET "/profile" for ::1 at 2015-12-01 12:27:48 +0100
Processing by UsersController#show as HTML
  [1m[36mUser Load (0.1ms)[0m  [1mSELECT  "users".* FROM "users" WHERE "users"."id" = ? LIMIT 1[0m  [["id", 5]]
  Rendered users/show.html.erb within layouts/application (0.9ms)
Completed 200 OK in 25ms (Views: 24.9ms | ActiveRecord: 0.1ms)


Started GET "/" for ::1 at 2015-12-01 12:28:05 +0100
Processing by UsersController#home as HTML
  [1m[35mUser Load (0.1ms)[0m  SELECT  "users".* FROM "users" WHERE "users"."id" = ? LIMIT 1  [["id", 5]]
  Rendered users/home.html.erb within layouts/application (0.9ms)
Completed 200 OK in 31ms (Views: 29.4ms | ActiveRecord: 0.1ms)


Started DELETE "/logout" for ::1 at 2015-12-01 12:28:07 +0100
Processing by SessionsController#destroy as HTML
  Parameters: {"authenticity_token"=>"Z6NUR4w6pwKcazLcGbdOaUhvMl2Z1xdneAuXGOeVel/BH0KclIvfk2tAVV/cD5Tuzhi+Fj0TVtj2Aa7Qv/UaIg=="}
Redirected to http://localhost:3000/
Completed 302 Found in 1ms (ActiveRecord: 0.0ms)


Started GET "/" for ::1 at 2015-12-01 12:28:07 +0100
Processing by UsersController#home as HTML
  [1m[36mUser Load (0.3ms)[0m  [1mSELECT  "users".* FROM "users" WHERE "users"."id" IS NULL LIMIT 1[0m
  Rendered users/home.html.erb within layouts/application (0.2ms)
Completed 200 OK in 24ms (Views: 23.1ms | ActiveRecord: 0.3ms)


Started GET "/" for ::1 at 2015-12-01 12:29:10 +0100
Processing by UsersController#home as HTML
  [1m[35mUser Load (0.2ms)[0m  SELECT  "users".* FROM "users" WHERE "users"."id" IS NULL LIMIT 1
  Rendered users/home.html.erb within layouts/application (0.5ms)
Completed 200 OK in 26ms (Views: 24.4ms | ActiveRecord: 0.2ms)


Started GET "/assets/sessions.self-e3b0c44298fc1c149afbf4c8996fb92427ae41e4649b934ca495991b7852b855.css?body=1" for ::1 at 2015-12-01 12:29:10 +0100


Started GET "/assets/application.self-e80e8f2318043e8af94dddc2adad5a4f09739a8ebb323b3ab31cd71d45fd9113.css?body=1" for ::1 at 2015-12-01 12:29:10 +0100


Started GET "/assets/users.self-e3b0c44298fc1c149afbf4c8996fb92427ae41e4649b934ca495991b7852b855.css?body=1" for ::1 at 2015-12-01 12:29:10 +0100


Started GET "/assets/jquery.self-d03a5518f45df77341bdbe6201ba3bfa547ebba8ed64f0ea56bfa5f96ea7c074.js?body=1" for ::1 at 2015-12-01 12:29:10 +0100


Started GET "/assets/application.self-377610cd7c1509e934744c810e3b4cf672dfbcacac3274e7d039827e2ae0fcc7.js?body=1" for ::1 at 2015-12-01 12:29:10 +0100


Started GET "/assets/sessions.self-19a187bec6cdb96d6de80a61c16c857c613536adf9138476bd367db38d282635.js?body=1" for ::1 at 2015-12-01 12:29:10 +0100


Started GET "/assets/jquery_ujs.self-8e98a7a072a6cee1372d19fff9ff3e6aa1e39a37d89d6f06861637d061113ee7.js?body=1" for ::1 at 2015-12-01 12:29:10 +0100


Started GET "/" for ::1 at 2015-12-01 12:29:59 +0100
Processing by UsersController#home as HTML
  [1m[36mUser Load (0.3ms)[0m  [1mSELECT  "users".* FROM "users" WHERE "users"."id" IS NULL LIMIT 1[0m
  Rendered users/home.html.erb within layouts/application (0.2ms)
  [1m[35mCACHE (0.0ms)[0m  SELECT  "users".* FROM "users" WHERE "users"."id" IS NULL LIMIT 1
Completed 200 OK in 32ms (Views: 29.4ms | ActiveRecord: 0.3ms)


Started GET "/assets/sessions.self-e3b0c44298fc1c149afbf4c8996fb92427ae41e4649b934ca495991b7852b855.css?body=1" for ::1 at 2015-12-01 12:29:59 +0100


Started GET "/assets/jquery_ujs.self-8e98a7a072a6cee1372d19fff9ff3e6aa1e39a37d89d6f06861637d061113ee7.js?body=1" for ::1 at 2015-12-01 12:29:59 +0100


Started GET "/assets/users.self-e3b0c44298fc1c149afbf4c8996fb92427ae41e4649b934ca495991b7852b855.css?body=1" for ::1 at 2015-12-01 12:29:59 +0100


Started GET "/assets/application.self-e80e8f2318043e8af94dddc2adad5a4f09739a8ebb323b3ab31cd71d45fd9113.css?body=1" for ::1 at 2015-12-01 12:29:59 +0100


Started GET "/assets/jquery.self-d03a5518f45df77341bdbe6201ba3bfa547ebba8ed64f0ea56bfa5f96ea7c074.js?body=1" for ::1 at 2015-12-01 12:29:59 +0100


Started GET "/assets/sessions.self-19a187bec6cdb96d6de80a61c16c857c613536adf9138476bd367db38d282635.js?body=1" for ::1 at 2015-12-01 12:29:59 +0100


Started GET "/assets/application.self-377610cd7c1509e934744c810e3b4cf672dfbcacac3274e7d039827e2ae0fcc7.js?body=1" for ::1 at 2015-12-01 12:29:59 +0100


Started GET "/login" for ::1 at 2015-12-01 12:29:59 +0100
Processing by SessionsController#new as HTML
  Rendered sessions/new.html.erb within layouts/application (0.5ms)
  [1m[36mUser Load (0.2ms)[0m  [1mSELECT  "users".* FROM "users" WHERE "users"."id" IS NULL LIMIT 1[0m
Completed 200 OK in 25ms (Views: 24.2ms | ActiveRecord: 0.2ms)


Started POST "/login" for ::1 at 2015-12-01 12:30:05 +0100
Processing by SessionsController#create as HTML
  Parameters: {"utf8"=>"✓", "authenticity_token"=>"TlrDKwtNovFB2ZSrVWpK6v34ywBzUb5zfNxmUb1KHXHo5tXwE/zaYLby8yiQ0pBte49HS9eV/8zy1l+Z5Sp9DA==", "email"=>"larascully@hotmail.com", "password"=>"[FILTERED]", "commit"=>"Go!"}
  [1m[35mUser Load (0.1ms)[0m  SELECT  "users".* FROM "users" WHERE "users"."email" = ? LIMIT 1  [["email", "larascully@hotmail.com"]]
Redirected to http://localhost:3000/profile
Completed 302 Found in 83ms (ActiveRecord: 0.1ms)


Started GET "/profile" for ::1 at 2015-12-01 12:30:05 +0100
Processing by UsersController#show as HTML
  [1m[36mUser Load (0.1ms)[0m  [1mSELECT  "users".* FROM "users" WHERE "users"."id" = ? LIMIT 1[0m  [["id", 5]]
  Rendered users/show.html.erb within layouts/application (0.7ms)
Completed 200 OK in 19ms (Views: 19.1ms | ActiveRecord: 0.1ms)


Started DELETE "/logout" for ::1 at 2015-12-01 12:30:06 +0100
Processing by SessionsController#destroy as HTML
  Parameters: {"authenticity_token"=>"5qTH3C3u7XXIWaUUYqSzmHY+FGwwV8YbUYUSa4kIEphAGNEHNV+V5D9ywpenHGkf8EmYJ5STh6Tfjyuj0Why5Q=="}
Redirected to http://localhost:3000/
Completed 302 Found in 2ms (ActiveRecord: 0.0ms)


Started GET "/" for ::1 at 2015-12-01 12:30:06 +0100
Processing by UsersController#home as HTML
  [1m[35mUser Load (0.1ms)[0m  SELECT  "users".* FROM "users" WHERE "users"."id" IS NULL LIMIT 1
  Rendered users/home.html.erb within layouts/application (0.1ms)
  [1m[36mCACHE (0.1ms)[0m  [1mSELECT  "users".* FROM "users" WHERE "users"."id" IS NULL LIMIT 1[0m
Completed 200 OK in 25ms (Views: 23.6ms | ActiveRecord: 0.2ms)


Started GET "/" for ::1 at 2015-12-01 13:59:41 +0100
  [1m[36mActiveRecord::SchemaMigration Load (0.4ms)[0m  [1mSELECT "schema_migrations".* FROM "schema_migrations"[0m
Processing by UsersController#home as HTML
  [1m[35mUser Load (0.2ms)[0m  SELECT  "users".* FROM "users" WHERE "users"."id" IS NULL LIMIT 1
  Rendered users/home.html.erb within layouts/application (5.6ms)
Completed 500 Internal Server Error in 426ms (ActiveRecord: 0.4ms)

ActionView::Template::Error (Missing partial users/_messages, application/_messages with {:locale=>[:en], :formats=>[:html], :variants=>[], :handlers=>[:erb, :builder, :raw, :ruby, :jbuilder]}. Searched in:
  * "/Users/larahoyatrujillo/Documents/Ironhack/WEEK6/auth-execise/app/views"
):
     8: </head>
     9: <body>
    10:   
    11:   <%= render 'messages' %>
    12:   <%= render 'nav' %>
    13: 
    14:   <%= yield %>
  app/views/layouts/application.html.erb:11:in `_app_views_layouts_application_html_erb__3836364289578901898_70362395828480'


  Rendered /Users/larahoyatrujillo/.rvm/gems/ruby-2.2.1/gems/actionpack-4.2.1/lib/action_dispatch/middleware/templates/rescues/_source.erb (10.1ms)
  Rendered /Users/larahoyatrujillo/.rvm/gems/ruby-2.2.1/gems/actionpack-4.2.1/lib/action_dispatch/middleware/templates/rescues/_trace.html.erb (2.7ms)
  Rendered /Users/larahoyatrujillo/.rvm/gems/ruby-2.2.1/gems/actionpack-4.2.1/lib/action_dispatch/middleware/templates/rescues/_request_and_response.html.erb (0.9ms)
  Rendered /Users/larahoyatrujillo/.rvm/gems/ruby-2.2.1/gems/actionpack-4.2.1/lib/action_dispatch/middleware/templates/rescues/template_error.html.erb within rescues/layout (68.0ms)
  Rendered /Users/larahoyatrujillo/.rvm/gems/ruby-2.2.1/gems/web-console-2.1.2/lib/web_console/templates/_markup.html.erb (0.4ms)
  Rendered /Users/larahoyatrujillo/.rvm/gems/ruby-2.2.1/gems/web-console-2.1.2/lib/web_console/templates/style.css.erb within layouts/inlined_string (0.3ms)
  Rendered /Users/larahoyatrujillo/.rvm/gems/ruby-2.2.1/gems/web-console-2.1.2/lib/web_console/templates/_inner_console_markup.html.erb within layouts/inlined_string (0.4ms)
  Rendered /Users/larahoyatrujillo/.rvm/gems/ruby-2.2.1/gems/web-console-2.1.2/lib/web_console/templates/_prompt_box_markup.html.erb within layouts/inlined_string (0.3ms)
  Rendered /Users/larahoyatrujillo/.rvm/gems/ruby-2.2.1/gems/web-console-2.1.2/lib/web_console/templates/console.js.erb within layouts/javascript (59.0ms)
  Rendered /Users/larahoyatrujillo/.rvm/gems/ruby-2.2.1/gems/web-console-2.1.2/lib/web_console/templates/main.js.erb within layouts/javascript (0.4ms)
  Rendered /Users/larahoyatrujillo/.rvm/gems/ruby-2.2.1/gems/web-console-2.1.2/lib/web_console/templates/error_page.js.erb within layouts/javascript (0.5ms)
  Rendered /Users/larahoyatrujillo/.rvm/gems/ruby-2.2.1/gems/web-console-2.1.2/lib/web_console/templates/index.html.erb (130.5ms)


Started GET "/" for ::1 at 2015-12-01 14:00:07 +0100
Processing by UsersController#home as HTML
  [1m[36mUser Load (0.4ms)[0m  [1mSELECT  "users".* FROM "users" WHERE "users"."id" IS NULL LIMIT 1[0m
  Rendered users/home.html.erb within layouts/application (0.2ms)
  Rendered partials/_messages.html.erb (0.6ms)
  [1m[35mCACHE (0.0ms)[0m  SELECT  "users".* FROM "users" WHERE "users"."id" IS NULL LIMIT 1
  Rendered partials/_nav.html.erb (1.0ms)
Completed 200 OK in 29ms (Views: 26.4ms | ActiveRecord: 0.4ms)


Started GET "/assets/sessions.self-e3b0c44298fc1c149afbf4c8996fb92427ae41e4649b934ca495991b7852b855.css?body=1" for ::1 at 2015-12-01 14:00:07 +0100


Started GET "/assets/application.self-e80e8f2318043e8af94dddc2adad5a4f09739a8ebb323b3ab31cd71d45fd9113.css?body=1" for ::1 at 2015-12-01 14:00:07 +0100


Started GET "/assets/jquery.self-d03a5518f45df77341bdbe6201ba3bfa547ebba8ed64f0ea56bfa5f96ea7c074.js?body=1" for ::1 at 2015-12-01 14:00:07 +0100


Started GET "/assets/jquery_ujs.self-8e98a7a072a6cee1372d19fff9ff3e6aa1e39a37d89d6f06861637d061113ee7.js?body=1" for ::1 at 2015-12-01 14:00:07 +0100


Started GET "/assets/users.self-e3b0c44298fc1c149afbf4c8996fb92427ae41e4649b934ca495991b7852b855.css?body=1" for ::1 at 2015-12-01 14:00:07 +0100


Started GET "/assets/sessions.self-19a187bec6cdb96d6de80a61c16c857c613536adf9138476bd367db38d282635.js?body=1" for ::1 at 2015-12-01 14:00:07 +0100


Started GET "/assets/application.self-377610cd7c1509e934744c810e3b4cf672dfbcacac3274e7d039827e2ae0fcc7.js?body=1" for ::1 at 2015-12-01 14:00:07 +0100


Started GET "/" for ::1 at 2015-12-01 14:05:44 +0100
Processing by UsersController#home as HTML
  [1m[36mUser Load (0.3ms)[0m  [1mSELECT  "users".* FROM "users" WHERE "users"."id" IS NULL LIMIT 1[0m
  Rendered users/home.html.erb within layouts/application (0.1ms)
  Rendered partials/_messages.html.erb (0.1ms)
  [1m[35mCACHE (0.0ms)[0m  SELECT  "users".* FROM "users" WHERE "users"."id" IS NULL LIMIT 1
  Rendered partials/_nav.html.erb (0.7ms)
Completed 200 OK in 34ms (Views: 30.0ms | ActiveRecord: 0.6ms)


Started GET "/assets/sessions.self-e3b0c44298fc1c149afbf4c8996fb92427ae41e4649b934ca495991b7852b855.css?body=1" for ::1 at 2015-12-01 14:05:44 +0100


Started GET "/assets/users.self-e3b0c44298fc1c149afbf4c8996fb92427ae41e4649b934ca495991b7852b855.css?body=1" for ::1 at 2015-12-01 14:05:44 +0100


Started GET "/assets/jquery_ujs.self-8e98a7a072a6cee1372d19fff9ff3e6aa1e39a37d89d6f06861637d061113ee7.js?body=1" for ::1 at 2015-12-01 14:05:44 +0100


Started GET "/assets/application.self-e80e8f2318043e8af94dddc2adad5a4f09739a8ebb323b3ab31cd71d45fd9113.css?body=1" for ::1 at 2015-12-01 14:05:44 +0100


Started GET "/assets/jquery.self-d03a5518f45df77341bdbe6201ba3bfa547ebba8ed64f0ea56bfa5f96ea7c074.js?body=1" for ::1 at 2015-12-01 14:05:44 +0100


Started GET "/assets/sessions.self-19a187bec6cdb96d6de80a61c16c857c613536adf9138476bd367db38d282635.js?body=1" for ::1 at 2015-12-01 14:05:44 +0100


Started GET "/assets/application.self-377610cd7c1509e934744c810e3b4cf672dfbcacac3274e7d039827e2ae0fcc7.js?body=1" for ::1 at 2015-12-01 14:05:44 +0100


Started GET "/users" for ::1 at 2015-12-01 14:05:45 +0100
Processing by UsersController#index as HTML
  [1m[36mUser Load (0.2ms)[0m  [1mSELECT "users".* FROM "users"[0m
  Rendered users/index.html.erb within layouts/application (5.0ms)
  Rendered partials/_messages.html.erb (0.1ms)
  [1m[35mUser Load (0.1ms)[0m  SELECT  "users".* FROM "users" WHERE "users"."id" IS NULL LIMIT 1
  Rendered partials/_nav.html.erb (0.9ms)
Completed 200 OK in 36ms (Views: 35.3ms | ActiveRecord: 0.6ms)


Started GET "/" for ::1 at 2015-12-01 14:05:56 +0100
Processing by UsersController#home as HTML
  [1m[36mUser Load (0.2ms)[0m  [1mSELECT  "users".* FROM "users" WHERE "users"."id" IS NULL LIMIT 1[0m
  Rendered users/home.html.erb within layouts/application (0.1ms)
  Rendered partials/_messages.html.erb (0.1ms)
  [1m[35mCACHE (0.0ms)[0m  SELECT  "users".* FROM "users" WHERE "users"."id" IS NULL LIMIT 1
  Rendered partials/_nav.html.erb (0.7ms)
Completed 200 OK in 28ms (Views: 26.1ms | ActiveRecord: 0.2ms)


Started GET "/" for ::1 at 2015-12-01 14:06:15 +0100
Processing by UsersController#home as HTML
  [1m[36mUser Load (0.1ms)[0m  [1mSELECT  "users".* FROM "users" WHERE "users"."id" IS NULL LIMIT 1[0m
  Rendered users/home.html.erb within layouts/application (0.1ms)
  Rendered partials/_messages.html.erb (0.2ms)
  [1m[35mCACHE (0.0ms)[0m  SELECT  "users".* FROM "users" WHERE "users"."id" IS NULL LIMIT 1
  Rendered partials/_nav.html.erb (0.7ms)
Completed 200 OK in 35ms (Views: 31.0ms | ActiveRecord: 0.4ms)


Started GET "/assets/sessions.self-e3b0c44298fc1c149afbf4c8996fb92427ae41e4649b934ca495991b7852b855.css?body=1" for ::1 at 2015-12-01 14:06:15 +0100


Started GET "/assets/application.self-e80e8f2318043e8af94dddc2adad5a4f09739a8ebb323b3ab31cd71d45fd9113.css?body=1" for ::1 at 2015-12-01 14:06:15 +0100


Started GET "/assets/users.self-e3b0c44298fc1c149afbf4c8996fb92427ae41e4649b934ca495991b7852b855.css?body=1" for ::1 at 2015-12-01 14:06:15 +0100


Started GET "/assets/jquery.self-d03a5518f45df77341bdbe6201ba3bfa547ebba8ed64f0ea56bfa5f96ea7c074.js?body=1" for ::1 at 2015-12-01 14:06:15 +0100


Started GET "/assets/jquery_ujs.self-8e98a7a072a6cee1372d19fff9ff3e6aa1e39a37d89d6f06861637d061113ee7.js?body=1" for ::1 at 2015-12-01 14:06:15 +0100


Started GET "/assets/sessions.self-19a187bec6cdb96d6de80a61c16c857c613536adf9138476bd367db38d282635.js?body=1" for ::1 at 2015-12-01 14:06:15 +0100


Started GET "/assets/application.self-377610cd7c1509e934744c810e3b4cf672dfbcacac3274e7d039827e2ae0fcc7.js?body=1" for ::1 at 2015-12-01 14:06:15 +0100


Started GET "/users" for ::1 at 2015-12-01 14:06:17 +0100
Processing by UsersController#index as HTML
  [1m[36mUser Load (0.2ms)[0m  [1mSELECT  "users".* FROM "users" WHERE "users"."id" IS NULL LIMIT 1[0m
Redirected to http://localhost:3000/login
Filter chain halted as :authorize_user rendered or redirected
Completed 302 Found in 2ms (ActiveRecord: 0.2ms)


Started GET "/login" for ::1 at 2015-12-01 14:06:17 +0100
Processing by SessionsController#new as HTML
  Rendered sessions/new.html.erb within layouts/application (1.1ms)
  Rendered partials/_messages.html.erb (0.1ms)
  [1m[35mUser Load (0.1ms)[0m  SELECT  "users".* FROM "users" WHERE "users"."id" IS NULL LIMIT 1
  Rendered partials/_nav.html.erb (0.8ms)
Completed 200 OK in 41ms (Views: 40.6ms | ActiveRecord: 0.1ms)
  [1m[36mActiveRecord::SchemaMigration Load (0.1ms)[0m  [1mSELECT "schema_migrations".* FROM "schema_migrations"[0m
Migrating to AddRoleToUser (20151201130708)
  [1m[35m (0.1ms)[0m  begin transaction
  [1m[36m (2.6ms)[0m  [1mALTER TABLE "users" ADD "role" varchar[0m
  [1m[35mSQL (0.3ms)[0m  INSERT INTO "schema_migrations" ("version") VALUES (?)  [["version", "20151201130708"]]
  [1m[36m (2.6ms)[0m  [1mcommit transaction[0m
  [1m[35mActiveRecord::SchemaMigration Load (0.3ms)[0m  SELECT "schema_migrations".* FROM "schema_migrations"
  [1m[36m (0.2ms)[0m  [1mbegin transaction[0m
  [1m[35mUser Exists (0.2ms)[0m  SELECT  1 AS one FROM "users" WHERE "users"."email" = 'steven@hotmail.com' LIMIT 1
  [1m[36mSQL (0.4ms)[0m  [1mINSERT INTO "users" ("username", "email", "password_digest", "role", "created_at", "updated_at") VALUES (?, ?, ?, ?, ?, ?)[0m  [["username", "Steven"], ["email", "steven@hotmail.com"], ["password_digest", "1234"], ["role", "admin"], ["created_at", "2015-12-01 13:09:03.631612"], ["updated_at", "2015-12-01 13:09:03.631612"]]
  [1m[35m (2.2ms)[0m  commit transaction


Started GET "/login" for ::1 at 2015-12-01 14:09:21 +0100
  [1m[36mActiveRecord::SchemaMigration Load (0.2ms)[0m  [1mSELECT "schema_migrations".* FROM "schema_migrations"[0m
Processing by SessionsController#new as HTML
  Rendered sessions/new.html.erb within layouts/application (12.5ms)
  Rendered partials/_messages.html.erb (0.8ms)
  [1m[35mUser Load (0.2ms)[0m  SELECT  "users".* FROM "users" WHERE "users"."id" IS NULL LIMIT 1
  Rendered partials/_nav.html.erb (14.4ms)
Completed 200 OK in 262ms (Views: 261.6ms | ActiveRecord: 0.5ms)


Started GET "/assets/application.self-e80e8f2318043e8af94dddc2adad5a4f09739a8ebb323b3ab31cd71d45fd9113.css?body=1" for ::1 at 2015-12-01 14:09:21 +0100


Started GET "/assets/users.self-e3b0c44298fc1c149afbf4c8996fb92427ae41e4649b934ca495991b7852b855.css?body=1" for ::1 at 2015-12-01 14:09:21 +0100


Started GET "/assets/jquery_ujs.self-8e98a7a072a6cee1372d19fff9ff3e6aa1e39a37d89d6f06861637d061113ee7.js?body=1" for ::1 at 2015-12-01 14:09:22 +0100


Started GET "/assets/application.self-377610cd7c1509e934744c810e3b4cf672dfbcacac3274e7d039827e2ae0fcc7.js?body=1" for ::1 at 2015-12-01 14:09:22 +0100


Started GET "/assets/sessions.self-e3b0c44298fc1c149afbf4c8996fb92427ae41e4649b934ca495991b7852b855.css?body=1" for ::1 at 2015-12-01 14:09:22 +0100


Started GET "/assets/jquery.self-d03a5518f45df77341bdbe6201ba3bfa547ebba8ed64f0ea56bfa5f96ea7c074.js?body=1" for ::1 at 2015-12-01 14:09:22 +0100


Started GET "/assets/sessions.self-19a187bec6cdb96d6de80a61c16c857c613536adf9138476bd367db38d282635.js?body=1" for ::1 at 2015-12-01 14:09:22 +0100


Started POST "/login" for ::1 at 2015-12-01 14:09:30 +0100
Processing by SessionsController#create as HTML
  Parameters: {"utf8"=>"✓", "authenticity_token"=>"VuI9rkRvUmrGl9uhvSd03GDS4mXTImuXavfwy+o04PvwXit1XN4q+zG8vCJ4n65b5qVuLnfmKijk/ckDslSAhg==", "email"=>"steven@hotmail.com", "password"=>"[FILTERED]", "commit"=>"Go!"}
  [1m[36mUser Load (0.3ms)[0m  [1mSELECT  "users".* FROM "users" WHERE "users"."email" = ? LIMIT 1[0m  [["email", "steven@hotmail.com"]]
Completed 500 Internal Server Error in 8ms (ActiveRecord: 0.7ms)

BCrypt::Errors::InvalidHash (invalid hash):
  app/controllers/sessions_controller.rb:8:in `create'


  Rendered /Users/larahoyatrujillo/.rvm/gems/ruby-2.2.1/gems/actionpack-4.2.1/lib/action_dispatch/middleware/templates/rescues/_source.erb (4.3ms)
  Rendered /Users/larahoyatrujillo/.rvm/gems/ruby-2.2.1/gems/actionpack-4.2.1/lib/action_dispatch/middleware/templates/rescues/_trace.html.erb (2.4ms)
  Rendered /Users/larahoyatrujillo/.rvm/gems/ruby-2.2.1/gems/actionpack-4.2.1/lib/action_dispatch/middleware/templates/rescues/_request_and_response.html.erb (1.0ms)
  Rendered /Users/larahoyatrujillo/.rvm/gems/ruby-2.2.1/gems/actionpack-4.2.1/lib/action_dispatch/middleware/templates/rescues/diagnostics.html.erb within rescues/layout (55.1ms)
  Rendered /Users/larahoyatrujillo/.rvm/gems/ruby-2.2.1/gems/web-console-2.1.2/lib/web_console/templates/_markup.html.erb (0.3ms)
  Rendered /Users/larahoyatrujillo/.rvm/gems/ruby-2.2.1/gems/web-console-2.1.2/lib/web_console/templates/style.css.erb within layouts/inlined_string (0.3ms)
  Rendered /Users/larahoyatrujillo/.rvm/gems/ruby-2.2.1/gems/web-console-2.1.2/lib/web_console/templates/_inner_console_markup.html.erb within layouts/inlined_string (0.3ms)
  Rendered /Users/larahoyatrujillo/.rvm/gems/ruby-2.2.1/gems/web-console-2.1.2/lib/web_console/templates/_prompt_box_markup.html.erb within layouts/inlined_string (0.2ms)
  Rendered /Users/larahoyatrujillo/.rvm/gems/ruby-2.2.1/gems/web-console-2.1.2/lib/web_console/templates/console.js.erb within layouts/javascript (40.3ms)
  Rendered /Users/larahoyatrujillo/.rvm/gems/ruby-2.2.1/gems/web-console-2.1.2/lib/web_console/templates/main.js.erb within layouts/javascript (0.3ms)
  Rendered /Users/larahoyatrujillo/.rvm/gems/ruby-2.2.1/gems/web-console-2.1.2/lib/web_console/templates/error_page.js.erb within layouts/javascript (0.4ms)
  Rendered /Users/larahoyatrujillo/.rvm/gems/ruby-2.2.1/gems/web-console-2.1.2/lib/web_console/templates/index.html.erb (90.7ms)
  [1m[36mUser Load (0.2ms)[0m  [1mSELECT  "users".* FROM "users"  ORDER BY "users"."id" DESC LIMIT 1[0m
  [1m[35m (0.2ms)[0m  begin transaction
  [1m[36mSQL (0.6ms)[0m  [1mDELETE FROM "users" WHERE "users"."id" = ?[0m  [["id", 6]]
  [1m[35m (8.1ms)[0m  commit transaction
  [1m[36mUser Load (0.3ms)[0m  [1mSELECT "users".* FROM "users"[0m


Started POST "/login" for ::1 at 2015-12-01 14:10:44 +0100
  [1m[36mActiveRecord::SchemaMigration Load (0.1ms)[0m  [1mSELECT "schema_migrations".* FROM "schema_migrations"[0m
Processing by SessionsController#create as HTML
  Parameters: {"utf8"=>"✓", "authenticity_token"=>"VuI9rkRvUmrGl9uhvSd03GDS4mXTImuXavfwy+o04PvwXit1XN4q+zG8vCJ4n65b5qVuLnfmKijk/ckDslSAhg==", "email"=>"steven@hotmail.com", "password"=>"[FILTERED]", "commit"=>"Go!"}
  [1m[35mUser Load (0.2ms)[0m  SELECT  "users".* FROM "users" WHERE "users"."email" = ? LIMIT 1  [["email", "steven@hotmail.com"]]
Redirected to http://localhost:3000/login
Completed 302 Found in 20ms (ActiveRecord: 0.3ms)


Started GET "/login" for ::1 at 2015-12-01 14:10:45 +0100
Processing by SessionsController#new as HTML
  Rendered sessions/new.html.erb within layouts/application (1.9ms)
  Rendered partials/_messages.html.erb (0.9ms)
  [1m[36mUser Load (0.3ms)[0m  [1mSELECT  "users".* FROM "users" WHERE "users"."id" IS NULL LIMIT 1[0m
  Rendered partials/_nav.html.erb (3.4ms)
Completed 200 OK in 195ms (Views: 194.8ms | ActiveRecord: 0.3ms)


Started GET "/assets/jquery.self-d03a5518f45df77341bdbe6201ba3bfa547ebba8ed64f0ea56bfa5f96ea7c074.js?body=1" for ::1 at 2015-12-01 14:10:45 +0100


Started GET "/assets/jquery_ujs.self-8e98a7a072a6cee1372d19fff9ff3e6aa1e39a37d89d6f06861637d061113ee7.js?body=1" for ::1 at 2015-12-01 14:10:45 +0100


Started GET "/assets/application.self-377610cd7c1509e934744c810e3b4cf672dfbcacac3274e7d039827e2ae0fcc7.js?body=1" for ::1 at 2015-12-01 14:10:45 +0100


Started GET "/assets/users.self-e3b0c44298fc1c149afbf4c8996fb92427ae41e4649b934ca495991b7852b855.css?body=1" for ::1 at 2015-12-01 14:10:45 +0100


Started GET "/assets/sessions.self-19a187bec6cdb96d6de80a61c16c857c613536adf9138476bd367db38d282635.js?body=1" for ::1 at 2015-12-01 14:10:45 +0100


Started GET "/assets/sessions.self-e3b0c44298fc1c149afbf4c8996fb92427ae41e4649b934ca495991b7852b855.css?body=1" for ::1 at 2015-12-01 14:10:45 +0100


Started GET "/assets/application.self-e80e8f2318043e8af94dddc2adad5a4f09739a8ebb323b3ab31cd71d45fd9113.css?body=1" for ::1 at 2015-12-01 14:10:45 +0100


Started GET "/login" for ::1 at 2015-12-01 14:10:46 +0100
Processing by SessionsController#new as HTML
  Rendered sessions/new.html.erb within layouts/application (0.6ms)
  Rendered partials/_messages.html.erb (0.1ms)
  [1m[35mUser Load (0.2ms)[0m  SELECT  "users".* FROM "users" WHERE "users"."id" IS NULL LIMIT 1
  Rendered partials/_nav.html.erb (1.4ms)
Completed 200 OK in 28ms (Views: 27.1ms | ActiveRecord: 0.2ms)


Started GET "/signup" for ::1 at 2015-12-01 14:10:50 +0100
Processing by UsersController#new as HTML
  Rendered users/new.html.erb within layouts/application (29.8ms)
  Rendered partials/_messages.html.erb (0.1ms)
  [1m[36mUser Load (0.1ms)[0m  [1mSELECT  "users".* FROM "users" WHERE "users"."id" IS NULL LIMIT 1[0m
  Rendered partials/_nav.html.erb (0.8ms)
Completed 200 OK in 84ms (Views: 78.3ms | ActiveRecord: 0.4ms)


Started POST "/users" for ::1 at 2015-12-01 14:11:06 +0100
Processing by UsersController#create as HTML
  Parameters: {"utf8"=>"✓", "authenticity_token"=>"AgwjiiBvZQ7E9u1aWJATl+QSUha98cO9xXpLoYESIImksDVRON4dnzPditmdKMkQYmXeXRk1ggJLcHJp2XJA9A==", "user"=>{"username"=>"Steven", "email"=>"steven@hotmail.com", "password"=>"[FILTERED]", "password_confirmation"=>"[FILTERED]"}, "commit"=>"Submit"}
  [1m[35m (0.1ms)[0m  begin transaction
  [1m[36mUser Exists (0.1ms)[0m  [1mSELECT  1 AS one FROM "users" WHERE "users"."email" = 'steven@hotmail.com' LIMIT 1[0m
  [1m[35mSQL (0.3ms)[0m  INSERT INTO "users" ("username", "email", "password_digest", "created_at", "updated_at") VALUES (?, ?, ?, ?, ?)  [["username", "Steven"], ["email", "steven@hotmail.com"], ["password_digest", "$2a$10$Y4jyjWb6IqBRUMBvWVizWuSytNRP2Lbp.TtlY86TkKN49EZhKjOdC"], ["created_at", "2015-12-01 13:11:06.544062"], ["updated_at", "2015-12-01 13:11:06.544062"]]
  [1m[36m (2.5ms)[0m  [1mcommit transaction[0m
Redirected to http://localhost:3000/
Completed 302 Found in 100ms (ActiveRecord: 3.0ms)


Started GET "/" for ::1 at 2015-12-01 14:11:06 +0100
Processing by UsersController#home as HTML
  [1m[35mUser Load (0.2ms)[0m  SELECT  "users".* FROM "users" WHERE "users"."id" IS NULL LIMIT 1
  Rendered users/home.html.erb within layouts/application (0.7ms)
  Rendered partials/_messages.html.erb (0.1ms)
  [1m[36mCACHE (0.0ms)[0m  [1mSELECT  "users".* FROM "users" WHERE "users"."id" IS NULL LIMIT 1[0m
  Rendered partials/_nav.html.erb (0.7ms)
Completed 200 OK in 38ms (Views: 36.5ms | ActiveRecord: 0.2ms)
  [1m[36mUser Load (0.2ms)[0m  [1mSELECT  "users".* FROM "users"  ORDER BY "users"."id" DESC LIMIT 1[0m
  [1m[35mUser Load (0.4ms)[0m  SELECT  "users".* FROM "users"  ORDER BY "users"."id" DESC LIMIT 1
  [1m[36m (0.1ms)[0m  [1mbegin transaction[0m
  [1m[35mUser Exists (0.1ms)[0m  SELECT  1 AS one FROM "users" WHERE ("users"."email" = 'steven@hotmail.com' AND "users"."id" != 7) LIMIT 1
  [1m[36mSQL (0.6ms)[0m  [1mUPDATE "users" SET "role" = ?, "updated_at" = ? WHERE "users"."id" = ?[0m  [["role", "admin"], ["updated_at", "2015-12-01 13:11:57.821567"], ["id", 7]]
  [1m[35m (2.5ms)[0m  commit transaction


Started GET "/login" for ::1 at 2015-12-01 14:12:05 +0100
  [1m[36mActiveRecord::SchemaMigration Load (0.1ms)[0m  [1mSELECT "schema_migrations".* FROM "schema_migrations"[0m
Processing by SessionsController#new as HTML
  Rendered sessions/new.html.erb within layouts/application (10.8ms)
  Rendered partials/_messages.html.erb (1.0ms)
  [1m[35mUser Load (0.2ms)[0m  SELECT  "users".* FROM "users" WHERE "users"."id" IS NULL LIMIT 1
  Rendered partials/_nav.html.erb (12.4ms)
Completed 200 OK in 270ms (Views: 269.0ms | ActiveRecord: 0.3ms)


Started GET "/assets/application.self-e80e8f2318043e8af94dddc2adad5a4f09739a8ebb323b3ab31cd71d45fd9113.css?body=1" for ::1 at 2015-12-01 14:12:05 +0100


Started GET "/assets/jquery.self-d03a5518f45df77341bdbe6201ba3bfa547ebba8ed64f0ea56bfa5f96ea7c074.js?body=1" for ::1 at 2015-12-01 14:12:05 +0100


Started GET "/assets/sessions.self-e3b0c44298fc1c149afbf4c8996fb92427ae41e4649b934ca495991b7852b855.css?body=1" for ::1 at 2015-12-01 14:12:05 +0100


Started GET "/assets/users.self-e3b0c44298fc1c149afbf4c8996fb92427ae41e4649b934ca495991b7852b855.css?body=1" for ::1 at 2015-12-01 14:12:05 +0100


Started GET "/assets/sessions.self-19a187bec6cdb96d6de80a61c16c857c613536adf9138476bd367db38d282635.js?body=1" for ::1 at 2015-12-01 14:12:05 +0100


Started GET "/assets/application.self-377610cd7c1509e934744c810e3b4cf672dfbcacac3274e7d039827e2ae0fcc7.js?body=1" for ::1 at 2015-12-01 14:12:05 +0100


Started GET "/assets/jquery_ujs.self-8e98a7a072a6cee1372d19fff9ff3e6aa1e39a37d89d6f06861637d061113ee7.js?body=1" for ::1 at 2015-12-01 14:12:05 +0100


Started POST "/login" for ::1 at 2015-12-01 14:12:12 +0100
Processing by SessionsController#create as HTML
  Parameters: {"utf8"=>"✓", "authenticity_token"=>"cyKHiNQZKeYpuPF1jVy7fUXQ0G6auPwedqFV9Bmk+rjVnpFTzKhRd96TlvZI5GH6w6dcJT58vaH4q2w8QcSaxQ==", "email"=>"steven@hotmail.com", "password"=>"[FILTERED]", "commit"=>"Go!"}
  [1m[36mUser Load (0.2ms)[0m  [1mSELECT  "users".* FROM "users" WHERE "users"."email" = ? LIMIT 1[0m  [["email", "steven@hotmail.com"]]
Redirected to http://localhost:3000/profile
Completed 302 Found in 81ms (ActiveRecord: 0.4ms)


Started GET "/profile" for ::1 at 2015-12-01 14:12:12 +0100
Processing by UsersController#show as HTML
  [1m[35mUser Load (0.2ms)[0m  SELECT  "users".* FROM "users" WHERE "users"."id" = ? LIMIT 1  [["id", 7]]
  Rendered users/show.html.erb within layouts/application (1.9ms)
  Rendered partials/_messages.html.erb (0.1ms)
  Rendered partials/_nav.html.erb (0.1ms)
Completed 200 OK in 46ms (Views: 45.7ms | ActiveRecord: 0.2ms)


Started GET "/login" for ::1 at 2015-12-01 14:16:43 +0100
Processing by SessionsController#new as HTML
  Rendered sessions/new.html.erb within layouts/application (1.1ms)
  Rendered partials/_messages.html.erb (0.1ms)
  [1m[36mUser Load (0.3ms)[0m  [1mSELECT  "users".* FROM "users" WHERE "users"."id" = ? LIMIT 1[0m  [["id", 7]]
  Rendered partials/_nav.html.erb (19.3ms)
Completed 200 OK in 111ms (Views: 110.0ms | ActiveRecord: 1.1ms)


Started GET "/" for ::1 at 2015-12-01 14:16:48 +0100

ActionController::RoutingError (undefined method `after_initialize' for UsersController:Class):
  app/controllers/users_controller.rb:4:in `<class:UsersController>'
  app/controllers/users_controller.rb:1:in `<top (required)>'


  Rendered /Users/larahoyatrujillo/.rvm/gems/ruby-2.2.1/gems/actionpack-4.2.1/lib/action_dispatch/middleware/templates/rescues/_trace.html.erb (2.3ms)
  Rendered /Users/larahoyatrujillo/.rvm/gems/ruby-2.2.1/gems/actionpack-4.2.1/lib/action_dispatch/middleware/templates/routes/_route.html.erb (2.0ms)
  Rendered /Users/larahoyatrujillo/.rvm/gems/ruby-2.2.1/gems/actionpack-4.2.1/lib/action_dispatch/middleware/templates/routes/_table.html.erb (29.8ms)
  Rendered /Users/larahoyatrujillo/.rvm/gems/ruby-2.2.1/gems/actionpack-4.2.1/lib/action_dispatch/middleware/templates/rescues/_request_and_response.html.erb (2.2ms)
  Rendered /Users/larahoyatrujillo/.rvm/gems/ruby-2.2.1/gems/actionpack-4.2.1/lib/action_dispatch/middleware/templates/rescues/routing_error.html.erb within rescues/layout (126.2ms)
  Rendered /Users/larahoyatrujillo/.rvm/gems/ruby-2.2.1/gems/web-console-2.1.2/lib/web_console/templates/_markup.html.erb (0.7ms)
  Rendered /Users/larahoyatrujillo/.rvm/gems/ruby-2.2.1/gems/web-console-2.1.2/lib/web_console/templates/style.css.erb within layouts/inlined_string (0.4ms)
  Rendered /Users/larahoyatrujillo/.rvm/gems/ruby-2.2.1/gems/web-console-2.1.2/lib/web_console/templates/_inner_console_markup.html.erb within layouts/inlined_string (0.5ms)
  Rendered /Users/larahoyatrujillo/.rvm/gems/ruby-2.2.1/gems/web-console-2.1.2/lib/web_console/templates/_prompt_box_markup.html.erb within layouts/inlined_string (0.4ms)
  Rendered /Users/larahoyatrujillo/.rvm/gems/ruby-2.2.1/gems/web-console-2.1.2/lib/web_console/templates/console.js.erb within layouts/javascript (60.6ms)
  Rendered /Users/larahoyatrujillo/.rvm/gems/ruby-2.2.1/gems/web-console-2.1.2/lib/web_console/templates/main.js.erb within layouts/javascript (0.3ms)
  Rendered /Users/larahoyatrujillo/.rvm/gems/ruby-2.2.1/gems/web-console-2.1.2/lib/web_console/templates/error_page.js.erb within layouts/javascript (0.5ms)
  Rendered /Users/larahoyatrujillo/.rvm/gems/ruby-2.2.1/gems/web-console-2.1.2/lib/web_console/templates/index.html.erb (134.4ms)


Started GET "/" for ::1 at 2015-12-01 14:16:51 +0100

ActionController::RoutingError (undefined method `after_initialize' for UsersController:Class):
  app/controllers/users_controller.rb:4:in `<class:UsersController>'
  app/controllers/users_controller.rb:1:in `<top (required)>'


  Rendered /Users/larahoyatrujillo/.rvm/gems/ruby-2.2.1/gems/actionpack-4.2.1/lib/action_dispatch/middleware/templates/rescues/_trace.html.erb (3.3ms)
  Rendered /Users/larahoyatrujillo/.rvm/gems/ruby-2.2.1/gems/actionpack-4.2.1/lib/action_dispatch/middleware/templates/routes/_route.html.erb (2.5ms)
  Rendered /Users/larahoyatrujillo/.rvm/gems/ruby-2.2.1/gems/actionpack-4.2.1/lib/action_dispatch/middleware/templates/routes/_table.html.erb (1.5ms)
  Rendered /Users/larahoyatrujillo/.rvm/gems/ruby-2.2.1/gems/actionpack-4.2.1/lib/action_dispatch/middleware/templates/rescues/_request_and_response.html.erb (1.1ms)
  Rendered /Users/larahoyatrujillo/.rvm/gems/ruby-2.2.1/gems/actionpack-4.2.1/lib/action_dispatch/middleware/templates/rescues/routing_error.html.erb within rescues/layout (79.2ms)
  Rendered /Users/larahoyatrujillo/.rvm/gems/ruby-2.2.1/gems/web-console-2.1.2/lib/web_console/templates/_markup.html.erb (0.4ms)
  Rendered /Users/larahoyatrujillo/.rvm/gems/ruby-2.2.1/gems/web-console-2.1.2/lib/web_console/templates/style.css.erb within layouts/inlined_string (0.3ms)
  Rendered /Users/larahoyatrujillo/.rvm/gems/ruby-2.2.1/gems/web-console-2.1.2/lib/web_console/templates/_inner_console_markup.html.erb within layouts/inlined_string (0.5ms)
  Rendered /Users/larahoyatrujillo/.rvm/gems/ruby-2.2.1/gems/web-console-2.1.2/lib/web_console/templates/_prompt_box_markup.html.erb within layouts/inlined_string (0.3ms)
  Rendered /Users/larahoyatrujillo/.rvm/gems/ruby-2.2.1/gems/web-console-2.1.2/lib/web_console/templates/console.js.erb within layouts/javascript (41.1ms)
  Rendered /Users/larahoyatrujillo/.rvm/gems/ruby-2.2.1/gems/web-console-2.1.2/lib/web_console/templates/main.js.erb within layouts/javascript (0.3ms)
  Rendered /Users/larahoyatrujillo/.rvm/gems/ruby-2.2.1/gems/web-console-2.1.2/lib/web_console/templates/error_page.js.erb within layouts/javascript (0.3ms)
  Rendered /Users/larahoyatrujillo/.rvm/gems/ruby-2.2.1/gems/web-console-2.1.2/lib/web_console/templates/index.html.erb (89.4ms)


Started GET "/" for ::1 at 2015-12-01 14:18:40 +0100

ActionController::RoutingError (undefined method `after_initialize' for UsersController:Class):
  app/controllers/users_controller.rb:5:in `<class:UsersController>'
  app/controllers/users_controller.rb:1:in `<top (required)>'


  Rendered /Users/larahoyatrujillo/.rvm/gems/ruby-2.2.1/gems/actionpack-4.2.1/lib/action_dispatch/middleware/templates/rescues/_trace.html.erb (2.8ms)
  Rendered /Users/larahoyatrujillo/.rvm/gems/ruby-2.2.1/gems/actionpack-4.2.1/lib/action_dispatch/middleware/templates/routes/_route.html.erb (1.3ms)
  Rendered /Users/larahoyatrujillo/.rvm/gems/ruby-2.2.1/gems/actionpack-4.2.1/lib/action_dispatch/middleware/templates/routes/_table.html.erb (2.2ms)
  Rendered /Users/larahoyatrujillo/.rvm/gems/ruby-2.2.1/gems/actionpack-4.2.1/lib/action_dispatch/middleware/templates/rescues/_request_and_response.html.erb (1.8ms)
  Rendered /Users/larahoyatrujillo/.rvm/gems/ruby-2.2.1/gems/actionpack-4.2.1/lib/action_dispatch/middleware/templates/rescues/routing_error.html.erb within rescues/layout (88.4ms)
  Rendered /Users/larahoyatrujillo/.rvm/gems/ruby-2.2.1/gems/web-console-2.1.2/lib/web_console/templates/_markup.html.erb (0.7ms)
  Rendered /Users/larahoyatrujillo/.rvm/gems/ruby-2.2.1/gems/web-console-2.1.2/lib/web_console/templates/style.css.erb within layouts/inlined_string (0.6ms)
  Rendered /Users/larahoyatrujillo/.rvm/gems/ruby-2.2.1/gems/web-console-2.1.2/lib/web_console/templates/_inner_console_markup.html.erb within layouts/inlined_string (0.6ms)
  Rendered /Users/larahoyatrujillo/.rvm/gems/ruby-2.2.1/gems/web-console-2.1.2/lib/web_console/templates/_prompt_box_markup.html.erb within layouts/inlined_string (0.5ms)
  Rendered /Users/larahoyatrujillo/.rvm/gems/ruby-2.2.1/gems/web-console-2.1.2/lib/web_console/templates/console.js.erb within layouts/javascript (56.1ms)
  Rendered /Users/larahoyatrujillo/.rvm/gems/ruby-2.2.1/gems/web-console-2.1.2/lib/web_console/templates/main.js.erb within layouts/javascript (0.6ms)
  Rendered /Users/larahoyatrujillo/.rvm/gems/ruby-2.2.1/gems/web-console-2.1.2/lib/web_console/templates/error_page.js.erb within layouts/javascript (0.8ms)
  Rendered /Users/larahoyatrujillo/.rvm/gems/ruby-2.2.1/gems/web-console-2.1.2/lib/web_console/templates/index.html.erb (120.3ms)


Started GET "/" for ::1 at 2015-12-01 14:20:42 +0100

ActionController::RoutingError (undefined method `after_initialize' for UsersController:Class):
  app/controllers/users_controller.rb:5:in `<class:UsersController>'
  app/controllers/users_controller.rb:1:in `<top (required)>'


  Rendered /Users/larahoyatrujillo/.rvm/gems/ruby-2.2.1/gems/actionpack-4.2.1/lib/action_dispatch/middleware/templates/rescues/_trace.html.erb (2.8ms)
  Rendered /Users/larahoyatrujillo/.rvm/gems/ruby-2.2.1/gems/actionpack-4.2.1/lib/action_dispatch/middleware/templates/routes/_route.html.erb (1.8ms)
  Rendered /Users/larahoyatrujillo/.rvm/gems/ruby-2.2.1/gems/actionpack-4.2.1/lib/action_dispatch/middleware/templates/routes/_table.html.erb (1.5ms)
  Rendered /Users/larahoyatrujillo/.rvm/gems/ruby-2.2.1/gems/actionpack-4.2.1/lib/action_dispatch/middleware/templates/rescues/_request_and_response.html.erb (2.3ms)
  Rendered /Users/larahoyatrujillo/.rvm/gems/ruby-2.2.1/gems/actionpack-4.2.1/lib/action_dispatch/middleware/templates/rescues/routing_error.html.erb within rescues/layout (94.6ms)
  Rendered /Users/larahoyatrujillo/.rvm/gems/ruby-2.2.1/gems/web-console-2.1.2/lib/web_console/templates/_markup.html.erb (0.5ms)
  Rendered /Users/larahoyatrujillo/.rvm/gems/ruby-2.2.1/gems/web-console-2.1.2/lib/web_console/templates/style.css.erb within layouts/inlined_string (0.4ms)
  Rendered /Users/larahoyatrujillo/.rvm/gems/ruby-2.2.1/gems/web-console-2.1.2/lib/web_console/templates/_inner_console_markup.html.erb within layouts/inlined_string (0.6ms)
  Rendered /Users/larahoyatrujillo/.rvm/gems/ruby-2.2.1/gems/web-console-2.1.2/lib/web_console/templates/_prompt_box_markup.html.erb within layouts/inlined_string (0.3ms)
  Rendered /Users/larahoyatrujillo/.rvm/gems/ruby-2.2.1/gems/web-console-2.1.2/lib/web_console/templates/console.js.erb within layouts/javascript (63.0ms)
  Rendered /Users/larahoyatrujillo/.rvm/gems/ruby-2.2.1/gems/web-console-2.1.2/lib/web_console/templates/main.js.erb within layouts/javascript (0.6ms)
  Rendered /Users/larahoyatrujillo/.rvm/gems/ruby-2.2.1/gems/web-console-2.1.2/lib/web_console/templates/error_page.js.erb within layouts/javascript (0.4ms)
  Rendered /Users/larahoyatrujillo/.rvm/gems/ruby-2.2.1/gems/web-console-2.1.2/lib/web_console/templates/index.html.erb (143.1ms)


Started GET "/" for ::1 at 2015-12-01 14:22:04 +0100

ActionController::RoutingError (undefined method `after_initialize' for UsersController:Class):
  app/controllers/users_controller.rb:5:in `<class:UsersController>'
  app/controllers/users_controller.rb:1:in `<top (required)>'


  Rendered /Users/larahoyatrujillo/.rvm/gems/ruby-2.2.1/gems/actionpack-4.2.1/lib/action_dispatch/middleware/templates/rescues/_trace.html.erb (3.9ms)
  Rendered /Users/larahoyatrujillo/.rvm/gems/ruby-2.2.1/gems/actionpack-4.2.1/lib/action_dispatch/middleware/templates/routes/_route.html.erb (1.1ms)
  Rendered /Users/larahoyatrujillo/.rvm/gems/ruby-2.2.1/gems/actionpack-4.2.1/lib/action_dispatch/middleware/templates/routes/_table.html.erb (1.4ms)
  Rendered /Users/larahoyatrujillo/.rvm/gems/ruby-2.2.1/gems/actionpack-4.2.1/lib/action_dispatch/middleware/templates/rescues/_request_and_response.html.erb (5.8ms)
  Rendered /Users/larahoyatrujillo/.rvm/gems/ruby-2.2.1/gems/actionpack-4.2.1/lib/action_dispatch/middleware/templates/rescues/routing_error.html.erb within rescues/layout (90.4ms)
  Rendered /Users/larahoyatrujillo/.rvm/gems/ruby-2.2.1/gems/web-console-2.1.2/lib/web_console/templates/_markup.html.erb (0.5ms)
  Rendered /Users/larahoyatrujillo/.rvm/gems/ruby-2.2.1/gems/web-console-2.1.2/lib/web_console/templates/style.css.erb within layouts/inlined_string (0.5ms)
  Rendered /Users/larahoyatrujillo/.rvm/gems/ruby-2.2.1/gems/web-console-2.1.2/lib/web_console/templates/_inner_console_markup.html.erb within layouts/inlined_string (0.5ms)
  Rendered /Users/larahoyatrujillo/.rvm/gems/ruby-2.2.1/gems/web-console-2.1.2/lib/web_console/templates/_prompt_box_markup.html.erb within layouts/inlined_string (0.5ms)
  Rendered /Users/larahoyatrujillo/.rvm/gems/ruby-2.2.1/gems/web-console-2.1.2/lib/web_console/templates/console.js.erb within layouts/javascript (65.0ms)
  Rendered /Users/larahoyatrujillo/.rvm/gems/ruby-2.2.1/gems/web-console-2.1.2/lib/web_console/templates/main.js.erb within layouts/javascript (0.4ms)
  Rendered /Users/larahoyatrujillo/.rvm/gems/ruby-2.2.1/gems/web-console-2.1.2/lib/web_console/templates/error_page.js.erb within layouts/javascript (0.7ms)
  Rendered /Users/larahoyatrujillo/.rvm/gems/ruby-2.2.1/gems/web-console-2.1.2/lib/web_console/templates/index.html.erb (133.2ms)
  [1m[36mUser Load (0.2ms)[0m  [1mSELECT  "users".* FROM "users"  ORDER BY "users"."id" ASC LIMIT 1[0m


Started GET "/" for ::1 at 2015-12-01 14:29:56 +0100
  [1m[36mActiveRecord::SchemaMigration Load (2.4ms)[0m  [1mSELECT "schema_migrations".* FROM "schema_migrations"[0m
Processing by UsersController#home as HTML
  [1m[35mUser Load (2.3ms)[0m  SELECT  "users".* FROM "users" WHERE "users"."id" = ? LIMIT 1  [["id", 7]]
  Rendered users/home.html.erb within layouts/application (5.1ms)
  Rendered partials/_messages.html.erb (0.7ms)
  Rendered partials/_nav.html.erb (0.9ms)
Completed 200 OK in 465ms (Views: 405.1ms | ActiveRecord: 2.9ms)


Started GET "/assets/jquery_ujs.self-8e98a7a072a6cee1372d19fff9ff3e6aa1e39a37d89d6f06861637d061113ee7.js?body=1" for ::1 at 2015-12-01 14:29:57 +0100


Started GET "/assets/application.self-e80e8f2318043e8af94dddc2adad5a4f09739a8ebb323b3ab31cd71d45fd9113.css?body=1" for ::1 at 2015-12-01 14:29:57 +0100


Started GET "/assets/users.self-e3b0c44298fc1c149afbf4c8996fb92427ae41e4649b934ca495991b7852b855.css?body=1" for ::1 at 2015-12-01 14:29:57 +0100


Started GET "/assets/jquery.self-d03a5518f45df77341bdbe6201ba3bfa547ebba8ed64f0ea56bfa5f96ea7c074.js?body=1" for ::1 at 2015-12-01 14:29:57 +0100


Started GET "/assets/sessions.self-19a187bec6cdb96d6de80a61c16c857c613536adf9138476bd367db38d282635.js?body=1" for ::1 at 2015-12-01 14:29:57 +0100


Started GET "/assets/application.self-377610cd7c1509e934744c810e3b4cf672dfbcacac3274e7d039827e2ae0fcc7.js?body=1" for ::1 at 2015-12-01 14:29:57 +0100


Started GET "/assets/sessions.self-e3b0c44298fc1c149afbf4c8996fb92427ae41e4649b934ca495991b7852b855.css?body=1" for ::1 at 2015-12-01 14:29:57 +0100


Started GET "/users" for ::1 at 2015-12-01 14:30:09 +0100
Processing by UsersController#index as HTML
  [1m[36mUser Load (0.1ms)[0m  [1mSELECT  "users".* FROM "users" WHERE "users"."id" = ? LIMIT 1[0m  [["id", 7]]
  [1m[35mUser Load (0.2ms)[0m  SELECT "users".* FROM "users"
  Rendered users/index.html.erb within layouts/application (2.0ms)
  Rendered partials/_messages.html.erb (0.1ms)
  Rendered partials/_nav.html.erb (0.1ms)
Completed 200 OK in 40ms (Views: 38.7ms | ActiveRecord: 0.3ms)


Started DELETE "/logout" for ::1 at 2015-12-01 14:30:13 +0100
Processing by SessionsController#destroy as HTML
  Parameters: {"authenticity_token"=>"9r9DOu1VRNuQdpVdF1ir7Onot9dWq6JxgnZb/Nyk9adQA1Xh9eQ8Smdd8t7S4HFrb587nPJv484MfGI0hMSV2g=="}
Redirected to http://localhost:3000/
Completed 302 Found in 1ms (ActiveRecord: 0.0ms)


Started GET "/" for ::1 at 2015-12-01 14:30:13 +0100
Processing by UsersController#home as HTML
  [1m[36mUser Load (0.2ms)[0m  [1mSELECT  "users".* FROM "users" WHERE "users"."id" IS NULL LIMIT 1[0m
  Rendered users/home.html.erb within layouts/application (0.1ms)
  Rendered partials/_messages.html.erb (0.2ms)
  [1m[35mCACHE (0.0ms)[0m  SELECT  "users".* FROM "users" WHERE "users"."id" IS NULL LIMIT 1
  Rendered partials/_nav.html.erb (0.6ms)
Completed 200 OK in 38ms (Views: 36.6ms | ActiveRecord: 0.2ms)


Started GET "/login" for ::1 at 2015-12-01 14:30:15 +0100
Processing by SessionsController#new as HTML
  Rendered sessions/new.html.erb within layouts/application (3.1ms)
  Rendered partials/_messages.html.erb (0.1ms)
  [1m[36mUser Load (0.1ms)[0m  [1mSELECT  "users".* FROM "users" WHERE "users"."id" IS NULL LIMIT 1[0m
  Rendered partials/_nav.html.erb (0.8ms)
Completed 200 OK in 58ms (Views: 57.4ms | ActiveRecord: 0.1ms)


Started POST "/login" for ::1 at 2015-12-01 14:30:20 +0100
Processing by SessionsController#create as HTML
  Parameters: {"utf8"=>"✓", "authenticity_token"=>"ttsOF98tXIsKbbuVpKmABuMNvJWSPetCnjXwUevTG3sQZxjMx5wkGv1G3BZhEVqBZXow3jb5qv0QP8mZs7N7Bg==", "email"=>"larascully@hotmail.com", "password"=>"[FILTERED]", "commit"=>"Go!"}
  [1m[35mUser Load (0.4ms)[0m  SELECT  "users".* FROM "users" WHERE "users"."email" = ? LIMIT 1  [["email", "larascully@hotmail.com"]]
Redirected to http://localhost:3000/profile
Completed 302 Found in 84ms (ActiveRecord: 0.4ms)


Started GET "/profile" for ::1 at 2015-12-01 14:30:20 +0100
Processing by UsersController#show as HTML
  [1m[36mUser Load (0.1ms)[0m  [1mSELECT  "users".* FROM "users" WHERE "users"."id" = ? LIMIT 1[0m  [["id", 5]]
  Rendered users/show.html.erb within layouts/application (1.6ms)
  Rendered partials/_messages.html.erb (0.1ms)
  Rendered partials/_nav.html.erb (0.1ms)
Completed 200 OK in 37ms (Views: 36.7ms | ActiveRecord: 0.1ms)


Started GET "/login" for ::1 at 2015-12-01 14:30:24 +0100
Processing by SessionsController#new as HTML
  Rendered sessions/new.html.erb within layouts/application (0.6ms)
  Rendered partials/_messages.html.erb (0.2ms)
  [1m[35mUser Load (0.1ms)[0m  SELECT  "users".* FROM "users" WHERE "users"."id" = ? LIMIT 1  [["id", 5]]
  Rendered partials/_nav.html.erb (0.6ms)
Completed 200 OK in 34ms (Views: 33.6ms | ActiveRecord: 0.1ms)


Started GET "/" for ::1 at 2015-12-01 14:30:28 +0100
Processing by UsersController#home as HTML
  [1m[36mUser Load (0.1ms)[0m  [1mSELECT  "users".* FROM "users" WHERE "users"."id" = ? LIMIT 1[0m  [["id", 5]]
  Rendered users/home.html.erb within layouts/application (0.2ms)
  Rendered partials/_messages.html.erb (0.1ms)
  Rendered partials/_nav.html.erb (0.1ms)
Completed 200 OK in 27ms (Views: 25.9ms | ActiveRecord: 0.1ms)


Started GET "/users" for ::1 at 2015-12-01 14:30:29 +0100
Processing by UsersController#index as HTML
  [1m[35mUser Load (0.1ms)[0m  SELECT  "users".* FROM "users" WHERE "users"."id" = ? LIMIT 1  [["id", 5]]
Redirected to http://localhost:3000/
Filter chain halted as :admin_only rendered or redirected
Completed 302 Found in 2ms (ActiveRecord: 0.1ms)


Started GET "/" for ::1 at 2015-12-01 14:30:29 +0100
Processing by UsersController#home as HTML
  [1m[36mUser Load (0.1ms)[0m  [1mSELECT  "users".* FROM "users" WHERE "users"."id" = ? LIMIT 1[0m  [["id", 5]]
  Rendered users/home.html.erb within layouts/application (0.1ms)
  Rendered partials/_messages.html.erb (0.1ms)
  Rendered partials/_nav.html.erb (0.1ms)
Completed 200 OK in 29ms (Views: 27.9ms | ActiveRecord: 0.1ms)


Started GET "/" for ::1 at 2015-12-01 14:30:59 +0100
Processing by UsersController#home as HTML
  [1m[35mUser Load (0.1ms)[0m  SELECT  "users".* FROM "users" WHERE "users"."id" = ? LIMIT 1  [["id", 5]]
  Rendered users/home.html.erb within layouts/application (0.1ms)
  Rendered partials/_messages.html.erb (0.1ms)
  Rendered partials/_nav.html.erb (0.2ms)
Completed 200 OK in 26ms (Views: 24.6ms | ActiveRecord: 0.1ms)


Started GET "/assets/users.self-e3b0c44298fc1c149afbf4c8996fb92427ae41e4649b934ca495991b7852b855.css?body=1" for ::1 at 2015-12-01 14:30:59 +0100


Started GET "/assets/sessions.self-e3b0c44298fc1c149afbf4c8996fb92427ae41e4649b934ca495991b7852b855.css?body=1" for ::1 at 2015-12-01 14:30:59 +0100


Started GET "/assets/jquery_ujs.self-8e98a7a072a6cee1372d19fff9ff3e6aa1e39a37d89d6f06861637d061113ee7.js?body=1" for ::1 at 2015-12-01 14:30:59 +0100


Started GET "/assets/application.self-e80e8f2318043e8af94dddc2adad5a4f09739a8ebb323b3ab31cd71d45fd9113.css?body=1" for ::1 at 2015-12-01 14:30:59 +0100


Started GET "/assets/jquery.self-d03a5518f45df77341bdbe6201ba3bfa547ebba8ed64f0ea56bfa5f96ea7c074.js?body=1" for ::1 at 2015-12-01 14:30:59 +0100


Started GET "/assets/sessions.self-19a187bec6cdb96d6de80a61c16c857c613536adf9138476bd367db38d282635.js?body=1" for ::1 at 2015-12-01 14:30:59 +0100


Started GET "/assets/application.self-377610cd7c1509e934744c810e3b4cf672dfbcacac3274e7d039827e2ae0fcc7.js?body=1" for ::1 at 2015-12-01 14:30:59 +0100


Started GET "/profile" for ::1 at 2015-12-01 14:31:02 +0100
Processing by UsersController#show as HTML
  [1m[36mUser Load (0.1ms)[0m  [1mSELECT  "users".* FROM "users" WHERE "users"."id" = ? LIMIT 1[0m  [["id", 5]]
  Rendered users/show.html.erb within layouts/application (1.2ms)
  Rendered partials/_messages.html.erb (0.1ms)
  Rendered partials/_nav.html.erb (0.1ms)
Completed 200 OK in 26ms (Views: 25.4ms | ActiveRecord: 0.1ms)


Started GET "/" for ::1 at 2015-12-01 14:31:03 +0100
Processing by UsersController#home as HTML
  [1m[35mUser Load (0.1ms)[0m  SELECT  "users".* FROM "users" WHERE "users"."id" = ? LIMIT 1  [["id", 5]]
  Rendered users/home.html.erb within layouts/application (0.1ms)
  Rendered partials/_messages.html.erb (0.1ms)
  Rendered partials/_nav.html.erb (0.1ms)
Completed 200 OK in 27ms (Views: 26.0ms | ActiveRecord: 0.1ms)
